0 info it worked if it ends with ok
1 verbose cli [ 'node',
1 verbose cli   '/usr/local/bin/npm',
1 verbose cli   'install',
1 verbose cli   '-g',
1 verbose cli   'coffee-script',
1 verbose cli   'node-gyp' ]
2 info using npm@1.4.9
3 info using node@v0.10.28
4 verbose cache add [ 'coffee-script', null ]
5 verbose cache add name=undefined spec="coffee-script" args=["coffee-script",null]
6 verbose parsed url { protocol: null,
6 verbose parsed url   slashes: null,
6 verbose parsed url   auth: null,
6 verbose parsed url   host: null,
6 verbose parsed url   port: null,
6 verbose parsed url   hostname: null,
6 verbose parsed url   hash: null,
6 verbose parsed url   search: null,
6 verbose parsed url   query: null,
6 verbose parsed url   pathname: 'coffee-script',
6 verbose parsed url   path: 'coffee-script',
6 verbose parsed url   href: 'coffee-script' }
7 verbose cache add [ 'node-gyp', null ]
8 verbose cache add name=undefined spec="node-gyp" args=["node-gyp",null]
9 verbose parsed url { protocol: null,
9 verbose parsed url   slashes: null,
9 verbose parsed url   auth: null,
9 verbose parsed url   host: null,
9 verbose parsed url   port: null,
9 verbose parsed url   hostname: null,
9 verbose parsed url   hash: null,
9 verbose parsed url   search: null,
9 verbose parsed url   query: null,
9 verbose parsed url   pathname: 'node-gyp',
9 verbose parsed url   path: 'node-gyp',
9 verbose parsed url   href: 'node-gyp' }
10 silly lockFile ab358269-coffee-script coffee-script
11 verbose lock coffee-script /Users/wmease/.npm/ab358269-coffee-script.lock
12 silly lockFile 54062583-node-gyp node-gyp
13 verbose lock node-gyp /Users/wmease/.npm/54062583-node-gyp.lock
14 silly lockFile ab358269-coffee-script coffee-script
15 silly lockFile ab358269-coffee-script coffee-script
16 silly lockFile 54062583-node-gyp node-gyp
17 silly lockFile 54062583-node-gyp node-gyp
18 verbose addNamed [ 'coffee-script', '' ]
19 verbose addNamed [ null, '*' ]
20 silly lockFile 53951495-coffee-script coffee-script@
21 verbose lock coffee-script@ /Users/wmease/.npm/53951495-coffee-script.lock
22 verbose addNamed [ 'node-gyp', '' ]
23 verbose addNamed [ null, '*' ]
24 silly lockFile c0cd6589-node-gyp node-gyp@
25 verbose lock node-gyp@ /Users/wmease/.npm/c0cd6589-node-gyp.lock
26 silly addNameRange { name: 'coffee-script', range: '*', hasData: false }
27 silly addNameRange { name: 'node-gyp', range: '*', hasData: false }
28 verbose url raw coffee-script
29 verbose url resolving [ 'https://registry.npmjs.org/', './coffee-script' ]
30 verbose url resolved https://registry.npmjs.org/coffee-script
31 info trying registry request attempt 1 at 12:56:19
32 verbose etag "47W6KZV7GE04J3JTMK69I4711"
33 http GET https://registry.npmjs.org/coffee-script
34 verbose url raw node-gyp
35 verbose url resolving [ 'https://registry.npmjs.org/', './node-gyp' ]
36 verbose url resolved https://registry.npmjs.org/node-gyp
37 info trying registry request attempt 1 at 12:56:19
38 verbose etag "BKZNJ3EQ1FYFARUUL2LSIXPAZ"
39 http GET https://registry.npmjs.org/node-gyp
40 http 304 https://registry.npmjs.org/node-gyp
41 silly registry.get cb [ 304,
41 silly registry.get   { date: 'Tue, 24 Jun 2014 19:56:19 GMT',
41 silly registry.get     server: 'Apache',
41 silly registry.get     via: '1.1 varnish',
41 silly registry.get     'last-modified': 'Tue, 24 Jun 2014 19:56:10 GMT',
41 silly registry.get     'cache-control': 'max-age=30',
41 silly registry.get     etag: '"BKZNJ3EQ1FYFARUUL2LSIXPAZ"',
41 silly registry.get     'x-served-by': 'cache-sv63-SJC3',
41 silly registry.get     'x-cache': 'HIT',
41 silly registry.get     'x-cache-hits': '1',
41 silly registry.get     'x-timer': 'S1403639779.176399,VS0,VE0',
41 silly registry.get     vary: 'Accept',
41 silly registry.get     'content-length': '0',
41 silly registry.get     'keep-alive': 'timeout=10, max=50',
41 silly registry.get     connection: 'Keep-Alive' } ]
42 verbose etag node-gyp from cache
43 http 304 https://registry.npmjs.org/coffee-script
44 silly registry.get cb [ 304,
44 silly registry.get   { date: 'Tue, 24 Jun 2014 19:56:19 GMT',
44 silly registry.get     server: 'Apache',
44 silly registry.get     via: '1.1 varnish',
44 silly registry.get     'last-modified': 'Tue, 24 Jun 2014 19:56:19 GMT',
44 silly registry.get     'cache-control': 'max-age=30',
44 silly registry.get     etag: '"47W6KZV7GE04J3JTMK69I4711"',
44 silly registry.get     'x-served-by': 'cache-sv63-SJC3',
44 silly registry.get     'x-cache': 'HIT',
44 silly registry.get     'x-cache-hits': '1',
44 silly registry.get     'x-timer': 'S1403639779.178097,VS0,VE0',
44 silly registry.get     vary: 'Accept',
44 silly registry.get     'content-length': '0',
44 silly registry.get     'keep-alive': 'timeout=10, max=50',
44 silly registry.get     connection: 'Keep-Alive' } ]
45 verbose etag coffee-script from cache
46 silly addNameRange number 2 { name: 'coffee-script', range: '*', hasData: true }
47 silly addNameRange versions [ 'coffee-script',
47 silly addNameRange   [ '0.7.0',
47 silly addNameRange     '0.7.1',
47 silly addNameRange     '0.7.2',
47 silly addNameRange     '0.9.0',
47 silly addNameRange     '0.9.1',
47 silly addNameRange     '0.9.2',
47 silly addNameRange     '0.9.3',
47 silly addNameRange     '0.9.4',
47 silly addNameRange     '0.9.5',
47 silly addNameRange     '0.9.6',
47 silly addNameRange     '1.0.0',
47 silly addNameRange     '1.0.1',
47 silly addNameRange     '1.1.0',
47 silly addNameRange     '1.1.1',
47 silly addNameRange     '1.1.2',
47 silly addNameRange     '1.1.3',
47 silly addNameRange     '1.2.0',
47 silly addNameRange     '1.3.0',
47 silly addNameRange     '1.3.1',
47 silly addNameRange     '1.3.2',
47 silly addNameRange     '1.3.3',
47 silly addNameRange     '1.4.0',
47 silly addNameRange     '1.5.0',
47 silly addNameRange     '1.6.0',
47 silly addNameRange     '1.6.1',
47 silly addNameRange     '1.6.2',
47 silly addNameRange     '1.6.3',
47 silly addNameRange     '1.7.0',
47 silly addNameRange     '1.7.1' ] ]
48 verbose addNamed [ 'coffee-script', '1.7.1' ]
49 verbose addNamed [ '1.7.1', '1.7.1' ]
50 silly lockFile 66cb63a1-coffee-script-1-7-1 coffee-script@1.7.1
51 verbose lock coffee-script@1.7.1 /Users/wmease/.npm/66cb63a1-coffee-script-1-7-1.lock
52 silly addNameRange number 2 { name: 'node-gyp', range: '*', hasData: true }
53 silly addNameRange versions [ 'node-gyp',
53 silly addNameRange   [ '0.0.1',
53 silly addNameRange     '0.0.2',
53 silly addNameRange     '0.0.3',
53 silly addNameRange     '0.0.4',
53 silly addNameRange     '0.0.5',
53 silly addNameRange     '0.0.6',
53 silly addNameRange     '0.1.0',
53 silly addNameRange     '0.1.1',
53 silly addNameRange     '0.1.2',
53 silly addNameRange     '0.1.3',
53 silly addNameRange     '0.1.4',
53 silly addNameRange     '0.2.0',
53 silly addNameRange     '0.2.1',
53 silly addNameRange     '0.2.2',
53 silly addNameRange     '0.3.0',
53 silly addNameRange     '0.3.1',
53 silly addNameRange     '0.3.2',
53 silly addNameRange     '0.3.4',
53 silly addNameRange     '0.3.5',
53 silly addNameRange     '0.3.6',
53 silly addNameRange     '0.3.7',
53 silly addNameRange     '0.3.8',
53 silly addNameRange     '0.3.9',
53 silly addNameRange     '0.3.10',
53 silly addNameRange     '0.3.11',
53 silly addNameRange     '0.4.0',
53 silly addNameRange     '0.4.1',
53 silly addNameRange     '0.4.2',
53 silly addNameRange     '0.4.3',
53 silly addNameRange     '0.4.4',
53 silly addNameRange     '0.4.5',
53 silly addNameRange     '0.5.0',
53 silly addNameRange     '0.5.1',
53 silly addNameRange     '0.5.2',
53 silly addNameRange     '0.5.3',
53 silly addNameRange     '0.5.4',
53 silly addNameRange     '0.5.5',
53 silly addNameRange     '0.5.6',
53 silly addNameRange     '0.5.7',
53 silly addNameRange     '0.5.8',
53 silly addNameRange     '0.6.0',
53 silly addNameRange     '0.6.1',
53 silly addNameRange     '0.6.2',
53 silly addNameRange     '0.6.3',
53 silly addNameRange     '0.6.4',
53 silly addNameRange     '0.6.5',
53 silly addNameRange     '0.6.6',
53 silly addNameRange     '0.6.7',
53 silly addNameRange     '0.6.8',
53 silly addNameRange     '0.6.9',
53 silly addNameRange     '0.6.10',
53 silly addNameRange     '0.6.11',
53 silly addNameRange     '0.7.0',
53 silly addNameRange     '0.7.1',
53 silly addNameRange     '0.7.2',
53 silly addNameRange     '0.7.3',
53 silly addNameRange     '0.8.0',
53 silly addNameRange     '0.8.1',
53 silly addNameRange     '0.8.2',
53 silly addNameRange     '0.8.3',
53 silly addNameRange     '0.8.4',
53 silly addNameRange     '0.8.5',
53 silly addNameRange     '0.9.0',
53 silly addNameRange     '0.9.1',
53 silly addNameRange     '0.9.2',
53 silly addNameRange     '0.9.3',
53 silly addNameRange     '0.9.4',
53 silly addNameRange     '0.9.5',
53 silly addNameRange     '0.9.6',
53 silly addNameRange     '0.10.0',
53 silly addNameRange     '0.10.1',
53 silly addNameRange     '0.10.2',
53 silly addNameRange     '0.10.3',
53 silly addNameRange     '0.10.4',
53 silly addNameRange     '0.10.5',
53 silly addNameRange     '0.10.6',
53 silly addNameRange     '0.10.7',
53 silly addNameRange     '0.10.8',
53 silly addNameRange     '0.10.9',
53 silly addNameRange     '0.10.10',
53 silly addNameRange     '0.11.0',
53 silly addNameRange     '0.12.0',
53 silly addNameRange     '0.12.1',
53 silly addNameRange     '0.12.2',
53 silly addNameRange     '0.13.0',
53 silly addNameRange     '0.13.1' ] ]
54 verbose addNamed [ 'node-gyp', '0.13.1' ]
55 verbose addNamed [ '0.13.1', '0.13.1' ]
56 silly lockFile afa4d901-node-gyp-0-13-1 node-gyp@0.13.1
57 verbose lock node-gyp@0.13.1 /Users/wmease/.npm/afa4d901-node-gyp-0-13-1.lock
58 silly lockFile 66cb63a1-coffee-script-1-7-1 coffee-script@1.7.1
59 silly lockFile 66cb63a1-coffee-script-1-7-1 coffee-script@1.7.1
60 silly lockFile 53951495-coffee-script coffee-script@
61 silly lockFile 53951495-coffee-script coffee-script@
62 silly lockFile afa4d901-node-gyp-0-13-1 node-gyp@0.13.1
63 silly lockFile afa4d901-node-gyp-0-13-1 node-gyp@0.13.1
64 silly lockFile c0cd6589-node-gyp node-gyp@
65 silly lockFile c0cd6589-node-gyp node-gyp@
66 silly resolved [ { name: 'coffee-script',
66 silly resolved     description: 'Unfancy JavaScript',
66 silly resolved     keywords: [ 'javascript', 'language', 'coffeescript', 'compiler' ],
66 silly resolved     author: { name: 'Jeremy Ashkenas' },
66 silly resolved     version: '1.7.1',
66 silly resolved     license: 'MIT',
66 silly resolved     engines: { node: '>=0.8.0' },
66 silly resolved     directories: { lib: './lib/coffee-script' },
66 silly resolved     main: './lib/coffee-script/coffee-script',
66 silly resolved     bin: { coffee: './bin/coffee', cake: './bin/cake' },
66 silly resolved     scripts: { test: 'node ./bin/cake test' },
66 silly resolved     homepage: 'http://coffeescript.org',
66 silly resolved     bugs: { url: 'https://github.com/jashkenas/coffee-script/issues' },
66 silly resolved     repository:
66 silly resolved      { type: 'git',
66 silly resolved        url: 'git://github.com/jashkenas/coffee-script.git' },
66 silly resolved     devDependencies:
66 silly resolved      { 'uglify-js': '~2.2',
66 silly resolved        jison: '>=0.2.0',
66 silly resolved        'highlight.js': '~8.0.0',
66 silly resolved        underscore: '~1.5.2' },
66 silly resolved     dependencies: { mkdirp: '~0.3.5' },
66 silly resolved     readme: '            {\n         }   }   {\n        {   {  }  }\n         }   }{  {\n        {  }{  }  }                    _____       __  __\n       { }{ }{  { }                   / ____|     / _|/ _|\n     .- { { }  { }} -.               | |     ___ | |_| |_ ___  ___\n    (  { } { } { } }  )              | |    / _ \\|  _|  _/ _ \\/ _ \\\n    |`-..________ ..-\'|              | |___| (_) | | | ||  __/  __/\n    |                 |               \\_____\\___/|_| |_| \\___|\\___|\n    |                 ;--.\n    |                (__  \\            _____           _       _\n    |                 | )  )          / ____|         (_)     | |\n    |                 |/  /          | (___   ___ _ __ _ _ __ | |_\n    |                 (  /            \\___ \\ / __| \'__| | \'_ \\| __|\n    |                 |/              ____) | (__| |  | | |_) | |_\n    |                 |              |_____/ \\___|_|  |_| .__/ \\__|\n     `-.._________..-\'                                  | |\n                                                        |_|\n\n\n  CoffeeScript is a little language that compiles into JavaScript.\n\n  If you have the Node Package Manager installed:\n  npm install -g coffee-script\n  (Leave off the -g if you don\'t wish to install globally.)\n\n  Or, if you don\'t wish to use npm:\n  sudo bin/cake install\n\n  Execute a script:\n  coffee /path/to/script.coffee\n\n  Compile a script:\n  coffee -c /path/to/script.coffee\n\n  For documentation, usage, and examples, see:\n  http://coffeescript.org/\n\n  To suggest a feature, report a bug, or general discussion:\n  http://github.com/jashkenas/coffee-script/issues/\n\n  If you\'d like to chat, drop by #coffeescript on Freenode IRC,\n  or on webchat.freenode.net.\n\n  The source repository:\n  git://github.com/jashkenas/coffee-script.git\n\n  Top 100 contributors are listed here:\n  http://github.com/jashkenas/coffee-script/contributors\n',
66 silly resolved     readmeFilename: 'README',
66 silly resolved     _id: 'coffee-script@1.7.1',
66 silly resolved     _shasum: '62996a861780c75e6d5069d13822723b73404bfc',
66 silly resolved     _from: 'coffee-script@',
66 silly resolved     _resolved: 'https://registry.npmjs.org/coffee-script/-/coffee-script-1.7.1.tgz' },
66 silly resolved   { name: 'node-gyp',
66 silly resolved     description: 'Node.js native addon build tool',
66 silly resolved     keywords: [ 'native', 'addon', 'module', 'c', 'c++', 'bindings', 'gyp' ],
66 silly resolved     version: '0.13.1',
66 silly resolved     installVersion: 9,
66 silly resolved     author:
66 silly resolved      { name: 'Nathan Rajlich',
66 silly resolved        email: 'nathan@tootallnate.net',
66 silly resolved        url: 'http://tootallnate.net' },
66 silly resolved     repository:
66 silly resolved      { type: 'git',
66 silly resolved        url: 'git://github.com/TooTallNate/node-gyp.git' },
66 silly resolved     preferGlobal: true,
66 silly resolved     bin: { 'node-gyp': './bin/node-gyp.js' },
66 silly resolved     main: './lib/node-gyp.js',
66 silly resolved     dependencies:
66 silly resolved      { glob: '3',
66 silly resolved        'graceful-fs': '2',
66 silly resolved        fstream: '0',
66 silly resolved        minimatch: '0',
66 silly resolved        mkdirp: '0',
66 silly resolved        nopt: '2',
66 silly resolved        npmlog: '0',
66 silly resolved        osenv: '0',
66 silly resolved        request: '2',
66 silly resolved        rimraf: '2',
66 silly resolved        semver: '~2.2.1',
66 silly resolved        tar: '0',
66 silly resolved        which: '1' },
66 silly resolved     engines: { node: '>= 0.8.0' },
66 silly resolved     readme: 'node-gyp\n=========\n### Node.js native addon build tool\n\n`node-gyp` is a cross-platform command-line tool written in Node.js for compiling\nnative addon modules for Node.js, which takes away the pain of dealing with the\nvarious differences in build platforms. It is the replacement to the `node-waf`\nprogram which is removed for node `v0.8`. If you have a native addon for node that\nstill has a `wscript` file, then you should definitely add a `binding.gyp` file\nto support the latest versions of node.\n\nMultiple target versions of node are supported (i.e. `0.8`, `0.9`, `0.10`, ..., `1.0`,\netc.), regardless of what version of node is actually installed on your system\n(`node-gyp` downloads the necessary development files for the target version).\n\n#### Features:\n\n * Easy to use, consistent interface\n * Same commands to build your module on every platform\n * Supports multiple target versions of Node\n\n\nInstallation\n------------\n\nYou can install with `npm`:\n\n``` bash\n$ npm install -g node-gyp\n```\n\nYou will also need to install:\n\n  * On Unix:\n    * `python` (`v2.7` recommended, `v3.x.x` is __*not*__ supported)\n    * `make`\n    * A proper C/C++ compiler toolchain, like GCC\n  * On Windows:\n    * [Python][windows-python] ([`v2.7.3`][windows-python-v2.7.3] recommended, `v3.x.x` is __*not*__ supported)\n    * Windows XP/Vista/7:\n      * Microsoft Visual Studio C++ 2010 ([Express][msvc2010] version works well)\n      * For 64-bit builds of node and native modules you will _**also**_ need the [Windows 7 64-bit SDK][win7sdk]\n        * If the install fails, try uninstalling any C++ 2010 x64&x86 Redistributable that you have installed first.\n      * If you get errors that the 64-bit compilers are not installed you may also need the [compiler update for the Windows SDK 7.1]\n    * Windows 7/8:\n      * Microsoft Visual Studio C++ 2012 for Windows Desktop ([Express][msvc2012] version works well)\n\nIf you have multiple Python versions installed, you can identify which Python\nversion `node-gyp` uses by setting the \'--python\' variable:\n\n``` bash\n$ node-gyp --python /path/to/python2.7\n```\n\nIf `node-gyp` is called by way of `npm` *and* you have multiple versions of\nPython installed, then you can set `npm`\'s \'python\' config key to the appropriate\nvalue:\n\n``` bash\n$ npm config set python /path/to/executable/python2.7\n```\n\nNote that OS X is just a flavour of Unix and so needs `python`, `make`, and C/C++.\nAn easy way to obtain these is to install XCode from Apple,\nand then use it to install the command line tools (under Preferences -> Downloads).\n\nHow to Use\n----------\n\nTo compile your native addon, first go to its root directory:\n\n``` bash\n$ cd my_node_addon\n```\n\nThe next step is to generate the appropriate project build files for the current\nplatform. Use `configure` for that:\n\n``` bash\n$ node-gyp configure\n```\n\n__Note__: The `configure` step looks for the `binding.gyp` file in the current\ndirectory to processs. See below for instructions on creating the `binding.gyp` file.\n\nNow you will have either a `Makefile` (on Unix platforms) or a `vcxproj` file\n(on Windows) in the `build/` directory. Next invoke the `build` command:\n\n``` bash\n$ node-gyp build\n```\n\nNow you have your compiled `.node` bindings file! The compiled bindings end up\nin `build/Debug/` or `build/Release/`, depending on the build mode. At this point\nyou can require the `.node` file with Node and run your tests!\n\n__Note:__ To create a _Debug_ build of the bindings file, pass the `--debug` (or\n`-d`) switch when running the either `configure` or `build` command.\n\n\nThe "binding.gyp" file\n----------------------\n\nPreviously when node had `node-waf` you had to write a `wscript` file. The\nreplacement for that is the `binding.gyp` file, which describes the configuration\nto build your module in a JSON-like format. This file gets placed in the root of\nyour package, alongside the `package.json` file.\n\nA barebones `gyp` file appropriate for building a node addon looks like:\n\n``` python\n{\n  "targets": [\n    {\n      "target_name": "binding",\n      "sources": [ "src/binding.cc" ]\n    }\n  ]\n}\n```\n\nSome additional resources for writing `gyp` files:\n\n * ["Hello World" node addon example](https://github.com/joyent/node/tree/master/test/addons/hello-world)\n * [gyp user documentation](http://code.google.com/p/gyp/wiki/GypUserDocumentation)\n * [gyp input format reference](http://code.google.com/p/gyp/wiki/InputFormatReference)\n * [*"binding.gyp" files out in the wild* wiki page](https://github.com/TooTallNate/node-gyp/wiki/%22binding.gyp%22-files-out-in-the-wild)\n\n\nCommands\n--------\n\n`node-gyp` responds to the following commands:\n\n| **Command**   | **Description**\n|:--------------|:---------------------------------------------------------------\n| `build`       | Invokes `make`/`msbuild.exe` and builds the native addon\n| `clean`       | Removes any the `build` dir if it exists\n| `configure`   | Generates project build files for the current platform\n| `rebuild`     | Runs "clean", "configure" and "build" all in a row\n| `install`     | Installs node development header files for the given version\n| `list`        | Lists the currently installed node development file versions\n| `remove`      | Removes the node development header files for the given version\n\n\nLicense\n-------\n\n(The MIT License)\n\nCopyright (c) 2012 Nathan Rajlich &lt;nathan@tootallnate.net&gt;\n\nPermission is hereby granted, free of charge, to any person obtaining\na copy of this software and associated documentation files (the\n\'Software\'), to deal in the Software without restriction, including\nwithout limitation the rights to use, copy, modify, merge, publish,\ndistribute, sublicense, and/or sell copies of the Software, and to\npermit persons to whom the Software is furnished to do so, subject to\nthe following conditions:\n\nThe above copyright notice and this permission notice shall be\nincluded in all copies or substantial portions of the Software.\n\nTHE SOFTWARE IS PROVIDED \'AS IS\', WITHOUT WARRANTY OF ANY KIND,\nEXPRESS OR IMPLIED, INCLUDING BUT NOT LIMITED TO THE WARRANTIES OF\nMERCHANTABILITY, FITNESS FOR A PARTICULAR PURPOSE AND NONINFRINGEMENT.\nIN NO EVENT SHALL THE AUTHORS OR COPYRIGHT HOLDERS BE LIABLE FOR ANY\nCLAIM, DAMAGES OR OTHER LIABILITY, WHETHER IN AN ACTION OF CONTRACT,\nTORT OR OTHERWISE, ARISING FROM, OUT OF OR IN CONNECTION WITH THE\nSOFTWARE OR THE USE OR OTHER DEALINGS IN THE SOFTWARE.\n\n\n[windows-python]: http://www.python.org/getit/windows\n[windows-python-v2.7.3]: http://www.python.org/download/releases/2.7.3#download\n[msvc2010]: http://go.microsoft.com/?linkid=9709949\n[msvc2012]: http://go.microsoft.com/?linkid=9816758\n[win7sdk]: http://www.microsoft.com/en-us/download/details.aspx?id=8279\n[compiler update for the Windows SDK 7.1]: http://www.microsoft.com/en-us/download/details.aspx?id=4422\n',
66 silly resolved     readmeFilename: 'README.md',
66 silly resolved     bugs: { url: 'https://github.com/TooTallNate/node-gyp/issues' },
66 silly resolved     homepage: 'https://github.com/TooTallNate/node-gyp',
66 silly resolved     _id: 'node-gyp@0.13.1',
66 silly resolved     _shasum: '5a484dd2dc13d5b894a8fe781a250c07eae7bffa',
66 silly resolved     _from: 'node-gyp@',
66 silly resolved     _resolved: 'https://registry.npmjs.org/node-gyp/-/node-gyp-0.13.1.tgz' } ]
67 info install coffee-script@1.7.1 into /usr/local/lib
68 info install node-gyp@0.13.1 into /usr/local/lib
69 info installOne coffee-script@1.7.1
70 info installOne node-gyp@0.13.1
71 info /usr/local/lib/node_modules/node-gyp unbuild
72 info /usr/local/lib/node_modules/coffee-script unbuild
73 verbose tar unpack /Users/wmease/.npm/node-gyp/0.13.1/package.tgz
74 silly lockFile fb1382c1--local-lib-node-modules-node-gyp tar:///usr/local/lib/node_modules/node-gyp
75 verbose lock tar:///usr/local/lib/node_modules/node-gyp /Users/wmease/.npm/fb1382c1--local-lib-node-modules-node-gyp.lock
76 silly lockFile 83edbd67--npm-node-gyp-0-13-1-package-tgz tar:///Users/wmease/.npm/node-gyp/0.13.1/package.tgz
77 verbose lock tar:///Users/wmease/.npm/node-gyp/0.13.1/package.tgz /Users/wmease/.npm/83edbd67--npm-node-gyp-0-13-1-package-tgz.lock
78 info preuninstall coffee-script@1.7.1
79 silly gunzTarPerm modes [ '755', '644' ]
80 info uninstall coffee-script@1.7.1
81 verbose true,/usr/local/lib/node_modules,/usr/local/lib/node_modules unbuild coffee-script@1.7.1
82 verbose /usr/local/bin,[object Object] binRoot
83 silly gunzTarPerm extractEntry package.json
84 silly gunzTarPerm extractEntry .npmignore
85 silly gunzTarPerm extractEntry README.md
86 silly gunzTarPerm extractEntry LICENSE
87 silly gunzTarPerm extractEntry .jshintrc
88 silly gunzTarPerm extractEntry addon.gypi
89 silly gunzTarPerm extractEntry bin/node-gyp.js
90 silly gunzTarPerm extractEntry gyp/.npmignore
91 silly gunzTarPerm extractEntry gyp/LICENSE
92 silly gunzTarPerm extractEntry gyp/DEPS
93 silly gunzTarPerm extractEntry gyp/tools/README
94 silly gunzTarPerm extractEntry gyp/tools/Xcode/README
95 info postuninstall coffee-script@1.7.1
96 silly gunzTarPerm extractEntry gyp/tools/Xcode/Specifications/gyp.pbfilespec
97 silly gunzTarPerm extractEntry gyp/tools/Xcode/Specifications/gyp.xclangspec
98 verbose tar unpack /Users/wmease/.npm/coffee-script/1.7.1/package.tgz
99 silly lockFile 865d9b08-l-lib-node-modules-coffee-script tar:///usr/local/lib/node_modules/coffee-script
100 verbose lock tar:///usr/local/lib/node_modules/coffee-script /Users/wmease/.npm/865d9b08-l-lib-node-modules-coffee-script.lock
101 silly lockFile e8ac0b35--coffee-script-1-7-1-package-tgz tar:///Users/wmease/.npm/coffee-script/1.7.1/package.tgz
102 verbose lock tar:///Users/wmease/.npm/coffee-script/1.7.1/package.tgz /Users/wmease/.npm/e8ac0b35--coffee-script-1-7-1-package-tgz.lock
103 silly gunzTarPerm extractEntry gyp/tools/emacs/README
104 silly gunzTarPerm extractEntry gyp/tools/emacs/gyp-tests.el
105 silly gunzTarPerm modes [ '755', '644' ]
106 silly gunzTarPerm extractEntry package.json
107 silly gunzTarPerm extractEntry gyp/tools/emacs/gyp.el
108 silly gunzTarPerm extractEntry gyp/tools/emacs/run-unit-tests.sh
109 silly gunzTarPerm extractEntry .npmignore
110 silly gunzTarPerm extractEntry README
111 silly gunzTarPerm extractEntry gyp/tools/emacs/testdata/media.gyp
112 silly gunzTarPerm extractEntry gyp/tools/emacs/testdata/media.gyp.fontified
113 silly gunzTarPerm extractEntry LICENSE
114 silly gunzTarPerm extractEntry register.js
115 silly gunzTarPerm extractEntry gyp/tools/graphviz.py
116 silly gunzTarPerm extractEntry gyp/tools/pretty_gyp.py
117 silly gunzTarPerm extractEntry CNAME
118 silly gunzTarPerm extractEntry CONTRIBUTING.md
119 silly gunzTarPerm extractEntry gyp/tools/pretty_sln.py
120 silly gunzTarPerm extractEntry gyp/tools/pretty_vcproj.py
121 silly gunzTarPerm extractEntry bin/cake
122 silly gunzTarPerm extractEntry bin/coffee
123 silly gunzTarPerm extractEntry lib/coffee-script/browser.js
124 silly gunzTarPerm extractEntry lib/coffee-script/grammar.js
125 silly gunzTarPerm extractEntry gyp/OWNERS
126 silly gunzTarPerm extractEntry gyp/PRESUBMIT.py
127 silly gunzTarPerm extractEntry lib/coffee-script/helpers.js
128 silly gunzTarPerm extractEntry lib/coffee-script/index.js
129 silly gunzTarPerm extractEntry gyp/buildbot/buildbot_run.py
130 silly gunzTarPerm extractEntry gyp/codereview.settings
131 silly gunzTarPerm extractEntry lib/coffee-script/lexer.js
132 silly gunzTarPerm extractEntry lib/coffee-script/command.js
133 silly gunzTarPerm extractEntry lib/coffee-script/optparse.js
134 silly gunzTarPerm extractEntry lib/coffee-script/parser.js
135 silly gunzTarPerm extractEntry gyp/data/win/large-pdb-shim.cc
136 silly gunzTarPerm extractEntry gyp/AUTHORS
137 silly gunzTarPerm extractEntry lib/coffee-script/register.js
138 silly gunzTarPerm extractEntry gyp/gyp.bat
139 silly gunzTarPerm extractEntry gyp/gyp_dummy.c
140 silly gunzTarPerm extractEntry lib/coffee-script/repl.js
141 silly gunzTarPerm extractEntry lib/coffee-script/rewriter.js
142 silly gunzTarPerm extractEntry gyp/gyp_main.py
143 silly gunzTarPerm extractEntry gyp/gyptest.py
144 silly gunzTarPerm extractEntry lib/coffee-script/coffee-script.js
145 silly gunzTarPerm extractEntry lib/coffee-script/scope.js
146 silly gunzTarPerm extractEntry gyp/pylib/gyp/easy_xml_test.py
147 silly gunzTarPerm extractEntry gyp/pylib/gyp/MSVSNew.py
148 silly gunzTarPerm extractEntry gyp/pylib/gyp/MSVSSettings.py
149 silly gunzTarPerm extractEntry gyp/pylib/gyp/MSVSSettings_test.py
150 silly gunzTarPerm extractEntry lib/coffee-script/cake.js
151 silly gunzTarPerm extractEntry lib/coffee-script/sourcemap.js
152 silly gunzTarPerm extractEntry lib/coffee-script/nodes.js
153 silly gunzTarPerm extractEntry gyp/pylib/gyp/MSVSToolFile.py
154 silly gunzTarPerm extractEntry gyp/pylib/gyp/MSVSUserFile.py
155 silly gunzTarPerm extractEntry gyp/pylib/gyp/MSVSUtil.py
156 silly gunzTarPerm extractEntry gyp/pylib/gyp/MSVSVersion.py
157 silly gunzTarPerm extractEntry gyp/pylib/gyp/__init__.py
158 silly gunzTarPerm extractEntry gyp/pylib/gyp/common.py
159 silly gunzTarPerm extractEntry gyp/pylib/gyp/common_test.py
160 silly gunzTarPerm extractEntry gyp/pylib/gyp/easy_xml.py
161 silly gunzTarPerm extractEntry gyp/pylib/gyp/MSVSProject.py
162 silly gunzTarPerm extractEntry gyp/pylib/gyp/flock_tool.py
163 silly gunzTarPerm extractEntry gyp/pylib/gyp/generator/make.py
164 silly gunzTarPerm extractEntry gyp/pylib/gyp/generator/__init__.py
165 silly gunzTarPerm extractEntry gyp/pylib/gyp/generator/cmake.py
166 silly gunzTarPerm extractEntry gyp/pylib/gyp/generator/dump_dependency_json.py
167 silly gunzTarPerm extractEntry gyp/pylib/gyp/generator/eclipse.py
168 silly gunzTarPerm extractEntry gyp/pylib/gyp/generator/gypd.py
169 silly gunzTarPerm extractEntry gyp/pylib/gyp/generator/gypsh.py
170 silly gunzTarPerm extractEntry gyp/pylib/gyp/generator/android.py
171 silly gunzTarPerm extractEntry gyp/pylib/gyp/generator/msvs.py
172 silly gunzTarPerm extractEntry gyp/pylib/gyp/generator/msvs_test.py
173 silly gunzTarPerm extractEntry gyp/pylib/gyp/generator/ninja.py
174 silly gunzTarPerm extractEntry gyp/pylib/gyp/generator/ninja_test.py
175 silly gunzTarPerm extractEntry gyp/pylib/gyp/generator/xcode.py
176 silly gunzTarPerm extractEntry gyp/pylib/gyp/generator/xcode_test.py
177 silly gunzTarPerm extractEntry gyp/pylib/gyp/input.py
178 silly gunzTarPerm extractEntry gyp/pylib/gyp/input_test.py
179 silly gunzTarPerm extractEntry gyp/pylib/gyp/mac_tool.py
180 silly gunzTarPerm extractEntry gyp/pylib/gyp/msvs_emulation.py
181 silly gunzTarPerm extractEntry gyp/pylib/gyp/ninja_syntax.py
182 silly gunzTarPerm extractEntry gyp/pylib/gyp/ordered_dict.py
183 silly gunzTarPerm extractEntry gyp/pylib/gyp/win_tool.py
184 silly gunzTarPerm extractEntry gyp/pylib/gyp/xcode_emulation.py
185 silly gunzTarPerm extractEntry gyp/pylib/gyp/xcodeproj_file.py
186 silly gunzTarPerm extractEntry gyp/pylib/gyp/xml_fix.py
187 silly gunzTarPerm extractEntry gyp/pylintrc
188 silly gunzTarPerm extractEntry gyp/samples/samples
189 silly gunzTarPerm extractEntry gyp/samples/samples.bat
190 silly lockFile 865d9b08-l-lib-node-modules-coffee-script tar:///usr/local/lib/node_modules/coffee-script
191 silly lockFile 865d9b08-l-lib-node-modules-coffee-script tar:///usr/local/lib/node_modules/coffee-script
192 silly lockFile e8ac0b35--coffee-script-1-7-1-package-tgz tar:///Users/wmease/.npm/coffee-script/1.7.1/package.tgz
193 silly lockFile e8ac0b35--coffee-script-1-7-1-package-tgz tar:///Users/wmease/.npm/coffee-script/1.7.1/package.tgz
194 info preinstall coffee-script@1.7.1
195 verbose readDependencies using package.json deps
196 verbose readDependencies using package.json deps
197 verbose cache add [ 'mkdirp@~0.3.5', null ]
198 verbose cache add name=undefined spec="mkdirp@~0.3.5" args=["mkdirp@~0.3.5",null]
199 verbose parsed url { protocol: null,
199 verbose parsed url   slashes: null,
199 verbose parsed url   auth: null,
199 verbose parsed url   host: null,
199 verbose parsed url   port: null,
199 verbose parsed url   hostname: null,
199 verbose parsed url   hash: null,
199 verbose parsed url   search: null,
199 verbose parsed url   query: null,
199 verbose parsed url   pathname: 'mkdirp@~0.3.5',
199 verbose parsed url   path: 'mkdirp@~0.3.5',
199 verbose parsed url   href: 'mkdirp@~0.3.5' }
200 verbose cache add name="mkdirp" spec="~0.3.5" args=["mkdirp","~0.3.5"]
201 verbose parsed url { protocol: null,
201 verbose parsed url   slashes: null,
201 verbose parsed url   auth: null,
201 verbose parsed url   host: null,
201 verbose parsed url   port: null,
201 verbose parsed url   hostname: null,
201 verbose parsed url   hash: null,
201 verbose parsed url   search: null,
201 verbose parsed url   query: null,
201 verbose parsed url   pathname: '~0.3.5',
201 verbose parsed url   path: '~0.3.5',
201 verbose parsed url   href: '~0.3.5' }
202 verbose addNamed [ 'mkdirp', '~0.3.5' ]
203 verbose addNamed [ null, '>=0.3.5-0 <0.4.0-0' ]
204 silly lockFile c3f0fe9b-mkdirp-0-3-5 mkdirp@~0.3.5
205 verbose lock mkdirp@~0.3.5 /Users/wmease/.npm/c3f0fe9b-mkdirp-0-3-5.lock
206 silly addNameRange { name: 'mkdirp', range: '>=0.3.5-0 <0.4.0-0', hasData: false }
207 verbose url raw mkdirp
208 verbose url resolving [ 'https://registry.npmjs.org/', './mkdirp' ]
209 verbose url resolved https://registry.npmjs.org/mkdirp
210 info trying registry request attempt 1 at 12:56:20
211 verbose etag "6R5YN5GU1OBNTR6PKX7R5619N"
212 http GET https://registry.npmjs.org/mkdirp
213 silly gunzTarPerm extractEntry gyp/setup.py
214 silly gunzTarPerm extractEntry gyp/gyp
215 silly gunzTarPerm extractEntry lib/build.js
216 silly gunzTarPerm extractEntry lib/clean.js
217 silly gunzTarPerm extractEntry lib/configure.js
218 silly gunzTarPerm extractEntry lib/install.js
219 silly gunzTarPerm extractEntry lib/list.js
220 silly gunzTarPerm extractEntry lib/node-gyp.js
221 silly gunzTarPerm extractEntry lib/rebuild.js
222 silly gunzTarPerm extractEntry lib/remove.js
223 http 304 https://registry.npmjs.org/mkdirp
224 silly registry.get cb [ 304,
224 silly registry.get   { date: 'Tue, 24 Jun 2014 19:56:19 GMT',
224 silly registry.get     server: 'Apache',
224 silly registry.get     via: '1.1 varnish',
224 silly registry.get     'last-modified': 'Tue, 24 Jun 2014 19:56:04 GMT',
224 silly registry.get     'cache-control': 'max-age=30',
224 silly registry.get     etag: '"6R5YN5GU1OBNTR6PKX7R5619N"',
224 silly registry.get     'x-served-by': 'cache-sv94-SJC3',
224 silly registry.get     'x-cache': 'HIT',
224 silly registry.get     'x-cache-hits': '2',
224 silly registry.get     'x-timer': 'S1403639779.500024,VS0,VE0',
224 silly registry.get     vary: 'Accept',
224 silly registry.get     'content-length': '0',
224 silly registry.get     'keep-alive': 'timeout=10, max=50',
224 silly registry.get     connection: 'Keep-Alive' } ]
225 verbose etag mkdirp from cache
226 silly addNameRange number 2 { name: 'mkdirp', range: '>=0.3.5-0 <0.4.0-0', hasData: true }
227 silly addNameRange versions [ 'mkdirp',
227 silly addNameRange   [ '0.0.1',
227 silly addNameRange     '0.0.2',
227 silly addNameRange     '0.0.3',
227 silly addNameRange     '0.0.4',
227 silly addNameRange     '0.0.5',
227 silly addNameRange     '0.0.6',
227 silly addNameRange     '0.0.7',
227 silly addNameRange     '0.1.0',
227 silly addNameRange     '0.2.0',
227 silly addNameRange     '0.2.1',
227 silly addNameRange     '0.2.2',
227 silly addNameRange     '0.3.0',
227 silly addNameRange     '0.3.1',
227 silly addNameRange     '0.3.2',
227 silly addNameRange     '0.3.3',
227 silly addNameRange     '0.3.4',
227 silly addNameRange     '0.3.5',
227 silly addNameRange     '0.4.0',
227 silly addNameRange     '0.4.1',
227 silly addNameRange     '0.4.2',
227 silly addNameRange     '0.5.0' ] ]
228 verbose addNamed [ 'mkdirp', '0.3.5' ]
229 verbose addNamed [ '0.3.5', '0.3.5' ]
230 silly lockFile 67d2df2a-mkdirp-0-3-5 mkdirp@0.3.5
231 verbose lock mkdirp@0.3.5 /Users/wmease/.npm/67d2df2a-mkdirp-0-3-5.lock
232 silly lockFile 67d2df2a-mkdirp-0-3-5 mkdirp@0.3.5
233 silly lockFile 67d2df2a-mkdirp-0-3-5 mkdirp@0.3.5
234 silly lockFile c3f0fe9b-mkdirp-0-3-5 mkdirp@~0.3.5
235 silly lockFile c3f0fe9b-mkdirp-0-3-5 mkdirp@~0.3.5
236 silly resolved [ { name: 'mkdirp',
236 silly resolved     description: 'Recursively mkdir, like `mkdir -p`',
236 silly resolved     version: '0.3.5',
236 silly resolved     author:
236 silly resolved      { name: 'James Halliday',
236 silly resolved        email: 'mail@substack.net',
236 silly resolved        url: 'http://substack.net' },
236 silly resolved     main: './index',
236 silly resolved     keywords: [ 'mkdir', 'directory' ],
236 silly resolved     repository:
236 silly resolved      { type: 'git',
236 silly resolved        url: 'http://github.com/substack/node-mkdirp.git' },
236 silly resolved     scripts: { test: 'tap test/*.js' },
236 silly resolved     devDependencies: { tap: '~0.4.0' },
236 silly resolved     license: 'MIT',
236 silly resolved     readme: '# mkdirp\n\nLike `mkdir -p`, but in node.js!\n\n[![build status](https://secure.travis-ci.org/substack/node-mkdirp.png)](http://travis-ci.org/substack/node-mkdirp)\n\n# example\n\n## pow.js\n\n```js\nvar mkdirp = require(\'mkdirp\');\n    \nmkdirp(\'/tmp/foo/bar/baz\', function (err) {\n    if (err) console.error(err)\n    else console.log(\'pow!\')\n});\n```\n\nOutput\n\n```\npow!\n```\n\nAnd now /tmp/foo/bar/baz exists, huzzah!\n\n# methods\n\n```js\nvar mkdirp = require(\'mkdirp\');\n```\n\n## mkdirp(dir, mode, cb)\n\nCreate a new directory and any necessary subdirectories at `dir` with octal\npermission string `mode`.\n\nIf `mode` isn\'t specified, it defaults to `0777 & (~process.umask())`.\n\n`cb(err, made)` fires with the error or the first directory `made`\nthat had to be created, if any.\n\n## mkdirp.sync(dir, mode)\n\nSynchronously create a new directory and any necessary subdirectories at `dir`\nwith octal permission string `mode`.\n\nIf `mode` isn\'t specified, it defaults to `0777 & (~process.umask())`.\n\nReturns the first directory that had to be created, if any.\n\n# install\n\nWith [npm](http://npmjs.org) do:\n\n```\nnpm install mkdirp\n```\n\n# license\n\nMIT\n',
236 silly resolved     readmeFilename: 'readme.markdown',
236 silly resolved     bugs: { url: 'https://github.com/substack/node-mkdirp/issues' },
236 silly resolved     homepage: 'https://github.com/substack/node-mkdirp',
236 silly resolved     _id: 'mkdirp@0.3.5',
236 silly resolved     _shasum: 'de3e5f8961c88c787ee1368df849ac4413eca8d7',
236 silly resolved     _from: 'mkdirp@~0.3.5',
236 silly resolved     _resolved: 'https://registry.npmjs.org/mkdirp/-/mkdirp-0.3.5.tgz' } ]
237 info install mkdirp@0.3.5 into /usr/local/lib/node_modules/coffee-script
238 info installOne mkdirp@0.3.5
239 info /usr/local/lib/node_modules/coffee-script/node_modules/mkdirp unbuild
240 verbose tar unpack /Users/wmease/.npm/mkdirp/0.3.5/package.tgz
241 silly lockFile 1c2cc2e0-offee-script-node-modules-mkdirp tar:///usr/local/lib/node_modules/coffee-script/node_modules/mkdirp
242 verbose lock tar:///usr/local/lib/node_modules/coffee-script/node_modules/mkdirp /Users/wmease/.npm/1c2cc2e0-offee-script-node-modules-mkdirp.lock
243 silly lockFile 641800e2-ase-npm-mkdirp-0-3-5-package-tgz tar:///Users/wmease/.npm/mkdirp/0.3.5/package.tgz
244 verbose lock tar:///Users/wmease/.npm/mkdirp/0.3.5/package.tgz /Users/wmease/.npm/641800e2-ase-npm-mkdirp-0-3-5-package-tgz.lock
245 silly gunzTarPerm modes [ '755', '644' ]
246 silly gunzTarPerm extractEntry package.json
247 silly gunzTarPerm extractEntry .npmignore
248 silly gunzTarPerm extractEntry LICENSE
249 silly gunzTarPerm extractEntry index.js
250 silly gunzTarPerm extractEntry examples/pow.js
251 silly gunzTarPerm extractEntry readme.markdown
252 silly gunzTarPerm extractEntry test/perm.js
253 silly gunzTarPerm extractEntry test/perm_sync.js
254 silly gunzTarPerm extractEntry test/race.js
255 silly gunzTarPerm extractEntry test/rel.js
256 silly gunzTarPerm extractEntry test/return.js
257 silly gunzTarPerm extractEntry test/clobber.js
258 silly gunzTarPerm extractEntry test/root.js
259 silly gunzTarPerm extractEntry test/umask.js
260 silly gunzTarPerm extractEntry test/sync.js
261 silly gunzTarPerm extractEntry test/chmod.js
262 silly gunzTarPerm extractEntry test/umask_sync.js
263 silly gunzTarPerm extractEntry test/return_sync.js
264 silly gunzTarPerm extractEntry test/mkdirp.js
265 silly gunzTarPerm extractEntry .travis.yml
266 silly lockFile 1c2cc2e0-offee-script-node-modules-mkdirp tar:///usr/local/lib/node_modules/coffee-script/node_modules/mkdirp
267 silly lockFile 1c2cc2e0-offee-script-node-modules-mkdirp tar:///usr/local/lib/node_modules/coffee-script/node_modules/mkdirp
268 silly lockFile 641800e2-ase-npm-mkdirp-0-3-5-package-tgz tar:///Users/wmease/.npm/mkdirp/0.3.5/package.tgz
269 silly lockFile 641800e2-ase-npm-mkdirp-0-3-5-package-tgz tar:///Users/wmease/.npm/mkdirp/0.3.5/package.tgz
270 info preinstall mkdirp@0.3.5
271 verbose readDependencies using package.json deps
272 verbose readDependencies using package.json deps
273 silly resolved []
274 verbose about to build /usr/local/lib/node_modules/coffee-script/node_modules/mkdirp
275 info build /usr/local/lib/node_modules/coffee-script/node_modules/mkdirp
276 verbose linkStuff [ true,
276 verbose linkStuff   '/usr/local/lib/node_modules',
276 verbose linkStuff   false,
276 verbose linkStuff   '/usr/local/lib/node_modules/coffee-script/node_modules' ]
277 info linkStuff mkdirp@0.3.5
278 verbose linkBins mkdirp@0.3.5
279 verbose linkMans mkdirp@0.3.5
280 verbose rebuildBundles mkdirp@0.3.5
281 info install mkdirp@0.3.5
282 info postinstall mkdirp@0.3.5
283 verbose about to build /usr/local/lib/node_modules/coffee-script
284 info build /usr/local/lib/node_modules/coffee-script
285 verbose linkStuff [ true,
285 verbose linkStuff   '/usr/local/lib/node_modules',
285 verbose linkStuff   true,
285 verbose linkStuff   '/usr/local/lib/node_modules' ]
286 info linkStuff coffee-script@1.7.1
287 verbose linkBins coffee-script@1.7.1
288 verbose link bins [ { coffee: './bin/coffee', cake: './bin/cake' },
288 verbose link bins   '/usr/local/bin',
288 verbose link bins   true ]
289 verbose linkMans coffee-script@1.7.1
290 verbose rebuildBundles coffee-script@1.7.1
291 verbose rebuildBundles [ 'mkdirp' ]
292 info install coffee-script@1.7.1
293 info postinstall coffee-script@1.7.1
294 silly lockFile fb1382c1--local-lib-node-modules-node-gyp tar:///usr/local/lib/node_modules/node-gyp
295 silly lockFile fb1382c1--local-lib-node-modules-node-gyp tar:///usr/local/lib/node_modules/node-gyp
296 silly lockFile 83edbd67--npm-node-gyp-0-13-1-package-tgz tar:///Users/wmease/.npm/node-gyp/0.13.1/package.tgz
297 silly lockFile 83edbd67--npm-node-gyp-0-13-1-package-tgz tar:///Users/wmease/.npm/node-gyp/0.13.1/package.tgz
298 info preinstall node-gyp@0.13.1
299 verbose readDependencies using package.json deps
300 verbose readDependencies using package.json deps
301 verbose cache add [ 'glob@3', null ]
302 verbose cache add name=undefined spec="glob@3" args=["glob@3",null]
303 verbose parsed url { protocol: null,
303 verbose parsed url   slashes: null,
303 verbose parsed url   auth: null,
303 verbose parsed url   host: null,
303 verbose parsed url   port: null,
303 verbose parsed url   hostname: null,
303 verbose parsed url   hash: null,
303 verbose parsed url   search: null,
303 verbose parsed url   query: null,
303 verbose parsed url   pathname: 'glob@3',
303 verbose parsed url   path: 'glob@3',
303 verbose parsed url   href: 'glob@3' }
304 verbose cache add name="glob" spec="3" args=["glob","3"]
305 verbose parsed url { protocol: null,
305 verbose parsed url   slashes: null,
305 verbose parsed url   auth: null,
305 verbose parsed url   host: null,
305 verbose parsed url   port: null,
305 verbose parsed url   hostname: null,
305 verbose parsed url   hash: null,
305 verbose parsed url   search: null,
305 verbose parsed url   query: null,
305 verbose parsed url   pathname: '3',
305 verbose parsed url   path: '3',
305 verbose parsed url   href: '3' }
306 verbose addNamed [ 'glob', '3' ]
307 verbose addNamed [ null, '>=3.0.0-0 <4.0.0-0' ]
308 silly lockFile c5beba6f-glob-3 glob@3
309 verbose lock glob@3 /Users/wmease/.npm/c5beba6f-glob-3.lock
310 verbose cache add [ 'graceful-fs@2', null ]
311 verbose cache add name=undefined spec="graceful-fs@2" args=["graceful-fs@2",null]
312 verbose parsed url { protocol: null,
312 verbose parsed url   slashes: null,
312 verbose parsed url   auth: null,
312 verbose parsed url   host: null,
312 verbose parsed url   port: null,
312 verbose parsed url   hostname: null,
312 verbose parsed url   hash: null,
312 verbose parsed url   search: null,
312 verbose parsed url   query: null,
312 verbose parsed url   pathname: 'graceful-fs@2',
312 verbose parsed url   path: 'graceful-fs@2',
312 verbose parsed url   href: 'graceful-fs@2' }
313 verbose cache add name="graceful-fs" spec="2" args=["graceful-fs","2"]
314 verbose parsed url { protocol: null,
314 verbose parsed url   slashes: null,
314 verbose parsed url   auth: null,
314 verbose parsed url   host: null,
314 verbose parsed url   port: null,
314 verbose parsed url   hostname: null,
314 verbose parsed url   hash: null,
314 verbose parsed url   search: null,
314 verbose parsed url   query: null,
314 verbose parsed url   pathname: '2',
314 verbose parsed url   path: '2',
314 verbose parsed url   href: '2' }
315 verbose addNamed [ 'graceful-fs', '2' ]
316 verbose addNamed [ null, '>=2.0.0-0 <3.0.0-0' ]
317 silly lockFile b74d0798-graceful-fs-2 graceful-fs@2
318 verbose lock graceful-fs@2 /Users/wmease/.npm/b74d0798-graceful-fs-2.lock
319 verbose cache add [ 'minimatch@0', null ]
320 verbose cache add name=undefined spec="minimatch@0" args=["minimatch@0",null]
321 verbose parsed url { protocol: null,
321 verbose parsed url   slashes: null,
321 verbose parsed url   auth: null,
321 verbose parsed url   host: null,
321 verbose parsed url   port: null,
321 verbose parsed url   hostname: null,
321 verbose parsed url   hash: null,
321 verbose parsed url   search: null,
321 verbose parsed url   query: null,
321 verbose parsed url   pathname: 'minimatch@0',
321 verbose parsed url   path: 'minimatch@0',
321 verbose parsed url   href: 'minimatch@0' }
322 verbose cache add name="minimatch" spec="0" args=["minimatch","0"]
323 verbose parsed url { protocol: null,
323 verbose parsed url   slashes: null,
323 verbose parsed url   auth: null,
323 verbose parsed url   host: null,
323 verbose parsed url   port: null,
323 verbose parsed url   hostname: null,
323 verbose parsed url   hash: null,
323 verbose parsed url   search: null,
323 verbose parsed url   query: null,
323 verbose parsed url   pathname: '0',
323 verbose parsed url   path: '0',
323 verbose parsed url   href: '0' }
324 verbose addNamed [ 'minimatch', '0' ]
325 verbose addNamed [ null, '>=0.0.0-0 <1.0.0-0' ]
326 silly lockFile e1cc6a1d-minimatch-0 minimatch@0
327 verbose lock minimatch@0 /Users/wmease/.npm/e1cc6a1d-minimatch-0.lock
328 verbose cache add [ 'fstream@0', null ]
329 verbose cache add name=undefined spec="fstream@0" args=["fstream@0",null]
330 verbose parsed url { protocol: null,
330 verbose parsed url   slashes: null,
330 verbose parsed url   auth: null,
330 verbose parsed url   host: null,
330 verbose parsed url   port: null,
330 verbose parsed url   hostname: null,
330 verbose parsed url   hash: null,
330 verbose parsed url   search: null,
330 verbose parsed url   query: null,
330 verbose parsed url   pathname: 'fstream@0',
330 verbose parsed url   path: 'fstream@0',
330 verbose parsed url   href: 'fstream@0' }
331 verbose cache add name="fstream" spec="0" args=["fstream","0"]
332 verbose parsed url { protocol: null,
332 verbose parsed url   slashes: null,
332 verbose parsed url   auth: null,
332 verbose parsed url   host: null,
332 verbose parsed url   port: null,
332 verbose parsed url   hostname: null,
332 verbose parsed url   hash: null,
332 verbose parsed url   search: null,
332 verbose parsed url   query: null,
332 verbose parsed url   pathname: '0',
332 verbose parsed url   path: '0',
332 verbose parsed url   href: '0' }
333 verbose addNamed [ 'fstream', '0' ]
334 verbose addNamed [ null, '>=0.0.0-0 <1.0.0-0' ]
335 silly lockFile a54d1ff5-fstream-0 fstream@0
336 verbose lock fstream@0 /Users/wmease/.npm/a54d1ff5-fstream-0.lock
337 verbose cache add [ 'mkdirp@0', null ]
338 verbose cache add name=undefined spec="mkdirp@0" args=["mkdirp@0",null]
339 verbose parsed url { protocol: null,
339 verbose parsed url   slashes: null,
339 verbose parsed url   auth: null,
339 verbose parsed url   host: null,
339 verbose parsed url   port: null,
339 verbose parsed url   hostname: null,
339 verbose parsed url   hash: null,
339 verbose parsed url   search: null,
339 verbose parsed url   query: null,
339 verbose parsed url   pathname: 'mkdirp@0',
339 verbose parsed url   path: 'mkdirp@0',
339 verbose parsed url   href: 'mkdirp@0' }
340 verbose cache add name="mkdirp" spec="0" args=["mkdirp","0"]
341 verbose parsed url { protocol: null,
341 verbose parsed url   slashes: null,
341 verbose parsed url   auth: null,
341 verbose parsed url   host: null,
341 verbose parsed url   port: null,
341 verbose parsed url   hostname: null,
341 verbose parsed url   hash: null,
341 verbose parsed url   search: null,
341 verbose parsed url   query: null,
341 verbose parsed url   pathname: '0',
341 verbose parsed url   path: '0',
341 verbose parsed url   href: '0' }
342 verbose addNamed [ 'mkdirp', '0' ]
343 verbose addNamed [ null, '>=0.0.0-0 <1.0.0-0' ]
344 silly lockFile 96b64d2a-mkdirp-0 mkdirp@0
345 verbose lock mkdirp@0 /Users/wmease/.npm/96b64d2a-mkdirp-0.lock
346 verbose cache add [ 'nopt@2', null ]
347 verbose cache add name=undefined spec="nopt@2" args=["nopt@2",null]
348 verbose parsed url { protocol: null,
348 verbose parsed url   slashes: null,
348 verbose parsed url   auth: null,
348 verbose parsed url   host: null,
348 verbose parsed url   port: null,
348 verbose parsed url   hostname: null,
348 verbose parsed url   hash: null,
348 verbose parsed url   search: null,
348 verbose parsed url   query: null,
348 verbose parsed url   pathname: 'nopt@2',
348 verbose parsed url   path: 'nopt@2',
348 verbose parsed url   href: 'nopt@2' }
349 verbose cache add name="nopt" spec="2" args=["nopt","2"]
350 verbose parsed url { protocol: null,
350 verbose parsed url   slashes: null,
350 verbose parsed url   auth: null,
350 verbose parsed url   host: null,
350 verbose parsed url   port: null,
350 verbose parsed url   hostname: null,
350 verbose parsed url   hash: null,
350 verbose parsed url   search: null,
350 verbose parsed url   query: null,
350 verbose parsed url   pathname: '2',
350 verbose parsed url   path: '2',
350 verbose parsed url   href: '2' }
351 verbose addNamed [ 'nopt', '2' ]
352 verbose addNamed [ null, '>=2.0.0-0 <3.0.0-0' ]
353 silly lockFile 64594a3f-nopt-2 nopt@2
354 verbose lock nopt@2 /Users/wmease/.npm/64594a3f-nopt-2.lock
355 silly addNameRange { name: 'glob', range: '>=3.0.0-0 <4.0.0-0', hasData: false }
356 verbose cache add [ 'npmlog@0', null ]
357 verbose cache add name=undefined spec="npmlog@0" args=["npmlog@0",null]
358 verbose parsed url { protocol: null,
358 verbose parsed url   slashes: null,
358 verbose parsed url   auth: null,
358 verbose parsed url   host: null,
358 verbose parsed url   port: null,
358 verbose parsed url   hostname: null,
358 verbose parsed url   hash: null,
358 verbose parsed url   search: null,
358 verbose parsed url   query: null,
358 verbose parsed url   pathname: 'npmlog@0',
358 verbose parsed url   path: 'npmlog@0',
358 verbose parsed url   href: 'npmlog@0' }
359 verbose cache add name="npmlog" spec="0" args=["npmlog","0"]
360 verbose parsed url { protocol: null,
360 verbose parsed url   slashes: null,
360 verbose parsed url   auth: null,
360 verbose parsed url   host: null,
360 verbose parsed url   port: null,
360 verbose parsed url   hostname: null,
360 verbose parsed url   hash: null,
360 verbose parsed url   search: null,
360 verbose parsed url   query: null,
360 verbose parsed url   pathname: '0',
360 verbose parsed url   path: '0',
360 verbose parsed url   href: '0' }
361 verbose addNamed [ 'npmlog', '0' ]
362 verbose addNamed [ null, '>=0.0.0-0 <1.0.0-0' ]
363 silly lockFile 2f67ef0a-npmlog-0 npmlog@0
364 verbose lock npmlog@0 /Users/wmease/.npm/2f67ef0a-npmlog-0.lock
365 verbose cache add [ 'osenv@0', null ]
366 verbose cache add name=undefined spec="osenv@0" args=["osenv@0",null]
367 verbose parsed url { protocol: null,
367 verbose parsed url   slashes: null,
367 verbose parsed url   auth: null,
367 verbose parsed url   host: null,
367 verbose parsed url   port: null,
367 verbose parsed url   hostname: null,
367 verbose parsed url   hash: null,
367 verbose parsed url   search: null,
367 verbose parsed url   query: null,
367 verbose parsed url   pathname: 'osenv@0',
367 verbose parsed url   path: 'osenv@0',
367 verbose parsed url   href: 'osenv@0' }
368 verbose cache add name="osenv" spec="0" args=["osenv","0"]
369 verbose parsed url { protocol: null,
369 verbose parsed url   slashes: null,
369 verbose parsed url   auth: null,
369 verbose parsed url   host: null,
369 verbose parsed url   port: null,
369 verbose parsed url   hostname: null,
369 verbose parsed url   hash: null,
369 verbose parsed url   search: null,
369 verbose parsed url   query: null,
369 verbose parsed url   pathname: '0',
369 verbose parsed url   path: '0',
369 verbose parsed url   href: '0' }
370 verbose addNamed [ 'osenv', '0' ]
371 verbose addNamed [ null, '>=0.0.0-0 <1.0.0-0' ]
372 silly lockFile cd27a342-osenv-0 osenv@0
373 verbose lock osenv@0 /Users/wmease/.npm/cd27a342-osenv-0.lock
374 verbose cache add [ 'request@2', null ]
375 verbose cache add name=undefined spec="request@2" args=["request@2",null]
376 verbose parsed url { protocol: null,
376 verbose parsed url   slashes: null,
376 verbose parsed url   auth: null,
376 verbose parsed url   host: null,
376 verbose parsed url   port: null,
376 verbose parsed url   hostname: null,
376 verbose parsed url   hash: null,
376 verbose parsed url   search: null,
376 verbose parsed url   query: null,
376 verbose parsed url   pathname: 'request@2',
376 verbose parsed url   path: 'request@2',
376 verbose parsed url   href: 'request@2' }
377 verbose cache add name="request" spec="2" args=["request","2"]
378 verbose parsed url { protocol: null,
378 verbose parsed url   slashes: null,
378 verbose parsed url   auth: null,
378 verbose parsed url   host: null,
378 verbose parsed url   port: null,
378 verbose parsed url   hostname: null,
378 verbose parsed url   hash: null,
378 verbose parsed url   search: null,
378 verbose parsed url   query: null,
378 verbose parsed url   pathname: '2',
378 verbose parsed url   path: '2',
378 verbose parsed url   href: '2' }
379 verbose addNamed [ 'request', '2' ]
380 verbose addNamed [ null, '>=2.0.0-0 <3.0.0-0' ]
381 silly lockFile 8f88254e-request-2 request@2
382 verbose lock request@2 /Users/wmease/.npm/8f88254e-request-2.lock
383 verbose cache add [ 'rimraf@2', null ]
384 verbose cache add name=undefined spec="rimraf@2" args=["rimraf@2",null]
385 verbose parsed url { protocol: null,
385 verbose parsed url   slashes: null,
385 verbose parsed url   auth: null,
385 verbose parsed url   host: null,
385 verbose parsed url   port: null,
385 verbose parsed url   hostname: null,
385 verbose parsed url   hash: null,
385 verbose parsed url   search: null,
385 verbose parsed url   query: null,
385 verbose parsed url   pathname: 'rimraf@2',
385 verbose parsed url   path: 'rimraf@2',
385 verbose parsed url   href: 'rimraf@2' }
386 verbose cache add name="rimraf" spec="2" args=["rimraf","2"]
387 verbose parsed url { protocol: null,
387 verbose parsed url   slashes: null,
387 verbose parsed url   auth: null,
387 verbose parsed url   host: null,
387 verbose parsed url   port: null,
387 verbose parsed url   hostname: null,
387 verbose parsed url   hash: null,
387 verbose parsed url   search: null,
387 verbose parsed url   query: null,
387 verbose parsed url   pathname: '2',
387 verbose parsed url   path: '2',
387 verbose parsed url   href: '2' }
388 verbose addNamed [ 'rimraf', '2' ]
389 verbose addNamed [ null, '>=2.0.0-0 <3.0.0-0' ]
390 silly lockFile 8c081391-rimraf-2 rimraf@2
391 verbose lock rimraf@2 /Users/wmease/.npm/8c081391-rimraf-2.lock
392 silly addNameRange { name: 'graceful-fs',
392 silly addNameRange   range: '>=2.0.0-0 <3.0.0-0',
392 silly addNameRange   hasData: false }
393 silly addNameRange { name: 'minimatch',
393 silly addNameRange   range: '>=0.0.0-0 <1.0.0-0',
393 silly addNameRange   hasData: false }
394 silly addNameRange { name: 'fstream', range: '>=0.0.0-0 <1.0.0-0', hasData: false }
395 silly addNameRange { name: 'mkdirp', range: '>=0.0.0-0 <1.0.0-0', hasData: false }
396 verbose cache add [ 'semver@~2.2.1', null ]
397 verbose cache add name=undefined spec="semver@~2.2.1" args=["semver@~2.2.1",null]
398 verbose parsed url { protocol: null,
398 verbose parsed url   slashes: null,
398 verbose parsed url   auth: null,
398 verbose parsed url   host: null,
398 verbose parsed url   port: null,
398 verbose parsed url   hostname: null,
398 verbose parsed url   hash: null,
398 verbose parsed url   search: null,
398 verbose parsed url   query: null,
398 verbose parsed url   pathname: 'semver@~2.2.1',
398 verbose parsed url   path: 'semver@~2.2.1',
398 verbose parsed url   href: 'semver@~2.2.1' }
399 verbose cache add name="semver" spec="~2.2.1" args=["semver","~2.2.1"]
400 verbose parsed url { protocol: null,
400 verbose parsed url   slashes: null,
400 verbose parsed url   auth: null,
400 verbose parsed url   host: null,
400 verbose parsed url   port: null,
400 verbose parsed url   hostname: null,
400 verbose parsed url   hash: null,
400 verbose parsed url   search: null,
400 verbose parsed url   query: null,
400 verbose parsed url   pathname: '~2.2.1',
400 verbose parsed url   path: '~2.2.1',
400 verbose parsed url   href: '~2.2.1' }
401 verbose addNamed [ 'semver', '~2.2.1' ]
402 verbose addNamed [ null, '>=2.2.1-0 <2.3.0-0' ]
403 silly lockFile 1708eccd-semver-2-2-1 semver@~2.2.1
404 verbose lock semver@~2.2.1 /Users/wmease/.npm/1708eccd-semver-2-2-1.lock
405 verbose cache add [ 'tar@0', null ]
406 verbose cache add name=undefined spec="tar@0" args=["tar@0",null]
407 verbose parsed url { protocol: null,
407 verbose parsed url   slashes: null,
407 verbose parsed url   auth: null,
407 verbose parsed url   host: null,
407 verbose parsed url   port: null,
407 verbose parsed url   hostname: null,
407 verbose parsed url   hash: null,
407 verbose parsed url   search: null,
407 verbose parsed url   query: null,
407 verbose parsed url   pathname: 'tar@0',
407 verbose parsed url   path: 'tar@0',
407 verbose parsed url   href: 'tar@0' }
408 verbose cache add name="tar" spec="0" args=["tar","0"]
409 verbose parsed url { protocol: null,
409 verbose parsed url   slashes: null,
409 verbose parsed url   auth: null,
409 verbose parsed url   host: null,
409 verbose parsed url   port: null,
409 verbose parsed url   hostname: null,
409 verbose parsed url   hash: null,
409 verbose parsed url   search: null,
409 verbose parsed url   query: null,
409 verbose parsed url   pathname: '0',
409 verbose parsed url   path: '0',
409 verbose parsed url   href: '0' }
410 verbose addNamed [ 'tar', '0' ]
411 verbose addNamed [ null, '>=0.0.0-0 <1.0.0-0' ]
412 silly lockFile 16ab3aa0-tar-0 tar@0
413 verbose lock tar@0 /Users/wmease/.npm/16ab3aa0-tar-0.lock
414 verbose cache add [ 'which@1', null ]
415 verbose cache add name=undefined spec="which@1" args=["which@1",null]
416 verbose parsed url { protocol: null,
416 verbose parsed url   slashes: null,
416 verbose parsed url   auth: null,
416 verbose parsed url   host: null,
416 verbose parsed url   port: null,
416 verbose parsed url   hostname: null,
416 verbose parsed url   hash: null,
416 verbose parsed url   search: null,
416 verbose parsed url   query: null,
416 verbose parsed url   pathname: 'which@1',
416 verbose parsed url   path: 'which@1',
416 verbose parsed url   href: 'which@1' }
417 verbose cache add name="which" spec="1" args=["which","1"]
418 verbose parsed url { protocol: null,
418 verbose parsed url   slashes: null,
418 verbose parsed url   auth: null,
418 verbose parsed url   host: null,
418 verbose parsed url   port: null,
418 verbose parsed url   hostname: null,
418 verbose parsed url   hash: null,
418 verbose parsed url   search: null,
418 verbose parsed url   query: null,
418 verbose parsed url   pathname: '1',
418 verbose parsed url   path: '1',
418 verbose parsed url   href: '1' }
419 verbose addNamed [ 'which', '1' ]
420 verbose addNamed [ null, '>=1.0.0-0 <2.0.0-0' ]
421 silly lockFile 5f85f779-which-1 which@1
422 verbose lock which@1 /Users/wmease/.npm/5f85f779-which-1.lock
423 silly addNameRange { name: 'nopt', range: '>=2.0.0-0 <3.0.0-0', hasData: false }
424 silly addNameRange { name: 'npmlog', range: '>=0.0.0-0 <1.0.0-0', hasData: false }
425 silly addNameRange { name: 'osenv', range: '>=0.0.0-0 <1.0.0-0', hasData: false }
426 silly addNameRange { name: 'request', range: '>=2.0.0-0 <3.0.0-0', hasData: false }
427 silly addNameRange { name: 'rimraf', range: '>=2.0.0-0 <3.0.0-0', hasData: false }
428 silly addNameRange { name: 'semver', range: '>=2.2.1-0 <2.3.0-0', hasData: false }
429 silly addNameRange { name: 'tar', range: '>=0.0.0-0 <1.0.0-0', hasData: false }
430 silly addNameRange { name: 'which', range: '>=1.0.0-0 <2.0.0-0', hasData: false }
431 verbose url raw glob
432 verbose url resolving [ 'https://registry.npmjs.org/', './glob' ]
433 verbose url resolved https://registry.npmjs.org/glob
434 info trying registry request attempt 1 at 12:56:20
435 verbose etag "PRZ5E6XT1NPSFIXJJE3IM6YT"
436 http GET https://registry.npmjs.org/glob
437 verbose url raw graceful-fs
438 verbose url resolving [ 'https://registry.npmjs.org/', './graceful-fs' ]
439 verbose url resolved https://registry.npmjs.org/graceful-fs
440 info trying registry request attempt 1 at 12:56:20
441 verbose etag "7881TQ05KQ3DAZ7CNQZNRDGYP"
442 http GET https://registry.npmjs.org/graceful-fs
443 verbose url raw minimatch
444 verbose url resolving [ 'https://registry.npmjs.org/', './minimatch' ]
445 verbose url resolved https://registry.npmjs.org/minimatch
446 info trying registry request attempt 1 at 12:56:20
447 verbose etag "T2D632AF88V60ERSIPWY8ZQD"
448 http GET https://registry.npmjs.org/minimatch
449 verbose url raw fstream
450 verbose url resolving [ 'https://registry.npmjs.org/', './fstream' ]
451 verbose url resolved https://registry.npmjs.org/fstream
452 info trying registry request attempt 1 at 12:56:20
453 verbose etag "9PWNPBRB5IQMMMG4LICYA3SS2"
454 http GET https://registry.npmjs.org/fstream
455 verbose registry.get mkdirp not expired, no request
456 silly addNameRange number 2 { name: 'mkdirp', range: '>=0.0.0-0 <1.0.0-0', hasData: true }
457 silly addNameRange versions [ 'mkdirp',
457 silly addNameRange   [ '0.0.1',
457 silly addNameRange     '0.0.2',
457 silly addNameRange     '0.0.3',
457 silly addNameRange     '0.0.4',
457 silly addNameRange     '0.0.5',
457 silly addNameRange     '0.0.6',
457 silly addNameRange     '0.0.7',
457 silly addNameRange     '0.1.0',
457 silly addNameRange     '0.2.0',
457 silly addNameRange     '0.2.1',
457 silly addNameRange     '0.2.2',
457 silly addNameRange     '0.3.0',
457 silly addNameRange     '0.3.1',
457 silly addNameRange     '0.3.2',
457 silly addNameRange     '0.3.3',
457 silly addNameRange     '0.3.4',
457 silly addNameRange     '0.3.5',
457 silly addNameRange     '0.4.0',
457 silly addNameRange     '0.4.1',
457 silly addNameRange     '0.4.2',
457 silly addNameRange     '0.5.0' ] ]
458 verbose addNamed [ 'mkdirp', '0.5.0' ]
459 verbose addNamed [ '0.5.0', '0.5.0' ]
460 silly lockFile bf9ae38d-mkdirp-0-5-0 mkdirp@0.5.0
461 verbose lock mkdirp@0.5.0 /Users/wmease/.npm/bf9ae38d-mkdirp-0-5-0.lock
462 verbose url raw nopt
463 verbose url resolving [ 'https://registry.npmjs.org/', './nopt' ]
464 verbose url resolved https://registry.npmjs.org/nopt
465 info trying registry request attempt 1 at 12:56:20
466 verbose etag "BA5T6RGWU2CVIS5XHWZEBR2W7"
467 http GET https://registry.npmjs.org/nopt
468 verbose url raw npmlog
469 verbose url resolving [ 'https://registry.npmjs.org/', './npmlog' ]
470 verbose url resolved https://registry.npmjs.org/npmlog
471 info trying registry request attempt 1 at 12:56:20
472 verbose etag "GUY7Z6CJA27QZVHDB2QUBW9G"
473 http GET https://registry.npmjs.org/npmlog
474 verbose url raw osenv
475 verbose url resolving [ 'https://registry.npmjs.org/', './osenv' ]
476 verbose url resolved https://registry.npmjs.org/osenv
477 info trying registry request attempt 1 at 12:56:20
478 verbose etag "CHNEP04M2C3TA964JJ6PU7ILN"
479 http GET https://registry.npmjs.org/osenv
480 verbose url raw request
481 verbose url resolving [ 'https://registry.npmjs.org/', './request' ]
482 verbose url resolved https://registry.npmjs.org/request
483 info trying registry request attempt 1 at 12:56:20
484 verbose etag "2S767GJXIVR3JK1HS22MGA937"
485 http GET https://registry.npmjs.org/request
486 verbose url raw rimraf
487 verbose url resolving [ 'https://registry.npmjs.org/', './rimraf' ]
488 verbose url resolved https://registry.npmjs.org/rimraf
489 info trying registry request attempt 1 at 12:56:20
490 verbose etag "ABOUENDSXKGH3EXB3RNP95LWY"
491 http GET https://registry.npmjs.org/rimraf
492 verbose url raw semver
493 verbose url resolving [ 'https://registry.npmjs.org/', './semver' ]
494 verbose url resolved https://registry.npmjs.org/semver
495 info trying registry request attempt 1 at 12:56:20
496 verbose etag "DFMKPCAJ0810765W1UISE8S3Z"
497 http GET https://registry.npmjs.org/semver
498 verbose url raw which
499 verbose url resolving [ 'https://registry.npmjs.org/', './which' ]
500 verbose url resolved https://registry.npmjs.org/which
501 info trying registry request attempt 1 at 12:56:20
502 verbose etag "E4JEKC1OOIDK0CUCTQBI1CZ35"
503 http GET https://registry.npmjs.org/which
504 verbose url raw tar
505 verbose url resolving [ 'https://registry.npmjs.org/', './tar' ]
506 verbose url resolved https://registry.npmjs.org/tar
507 info trying registry request attempt 1 at 12:56:20
508 verbose etag "BDF74SXF2S741NDFKFUG0P0VD"
509 http GET https://registry.npmjs.org/tar
510 silly lockFile bf9ae38d-mkdirp-0-5-0 mkdirp@0.5.0
511 silly lockFile bf9ae38d-mkdirp-0-5-0 mkdirp@0.5.0
512 silly lockFile 96b64d2a-mkdirp-0 mkdirp@0
513 silly lockFile 96b64d2a-mkdirp-0 mkdirp@0
514 http 304 https://registry.npmjs.org/glob
515 silly registry.get cb [ 304,
515 silly registry.get   { date: 'Tue, 24 Jun 2014 19:56:19 GMT',
515 silly registry.get     server: 'Apache',
515 silly registry.get     via: '1.1 varnish',
515 silly registry.get     'last-modified': 'Tue, 24 Jun 2014 19:55:51 GMT',
515 silly registry.get     'cache-control': 'max-age=30',
515 silly registry.get     etag: '"PRZ5E6XT1NPSFIXJJE3IM6YT"',
515 silly registry.get     'x-served-by': 'cache-sv62-SJC3',
515 silly registry.get     'x-cache': 'HIT',
515 silly registry.get     'x-cache-hits': '4',
515 silly registry.get     'x-timer': 'S1403639779.700504,VS0,VE0',
515 silly registry.get     vary: 'Accept',
515 silly registry.get     'content-length': '0',
515 silly registry.get     'keep-alive': 'timeout=10, max=50',
515 silly registry.get     connection: 'Keep-Alive' } ]
516 verbose etag glob from cache
517 http 304 https://registry.npmjs.org/minimatch
518 silly registry.get cb [ 304,
518 silly registry.get   { date: 'Tue, 24 Jun 2014 19:56:19 GMT',
518 silly registry.get     server: 'Apache',
518 silly registry.get     via: '1.1 varnish',
518 silly registry.get     'last-modified': 'Tue, 24 Jun 2014 19:56:13 GMT',
518 silly registry.get     'cache-control': 'max-age=30',
518 silly registry.get     etag: '"T2D632AF88V60ERSIPWY8ZQD"',
518 silly registry.get     'x-served-by': 'cache-sv60-SJC3',
518 silly registry.get     'x-cache': 'HIT',
518 silly registry.get     'x-cache-hits': '3',
518 silly registry.get     'x-timer': 'S1403639779.700814,VS0,VE0',
518 silly registry.get     vary: 'Accept',
518 silly registry.get     'content-length': '0',
518 silly registry.get     'keep-alive': 'timeout=10, max=50',
518 silly registry.get     connection: 'Keep-Alive' } ]
519 verbose etag minimatch from cache
520 http 304 https://registry.npmjs.org/fstream
521 silly registry.get cb [ 304,
521 silly registry.get   { date: 'Tue, 24 Jun 2014 19:56:19 GMT',
521 silly registry.get     server: 'Apache',
521 silly registry.get     via: '1.1 varnish',
521 silly registry.get     'last-modified': 'Tue, 24 Jun 2014 19:56:14 GMT',
521 silly registry.get     'cache-control': 'max-age=30',
521 silly registry.get     etag: '"9PWNPBRB5IQMMMG4LICYA3SS2"',
521 silly registry.get     'x-served-by': 'cache-sv63-SJC3',
521 silly registry.get     'x-cache': 'HIT',
521 silly registry.get     'x-cache-hits': '3',
521 silly registry.get     'x-timer': 'S1403639779.702570,VS0,VE0',
521 silly registry.get     vary: 'Accept',
521 silly registry.get     'content-length': '0',
521 silly registry.get     'keep-alive': 'timeout=10, max=50',
521 silly registry.get     connection: 'Keep-Alive' } ]
522 verbose etag fstream from cache
523 http 304 https://registry.npmjs.org/nopt
524 silly registry.get cb [ 304,
524 silly registry.get   { date: 'Tue, 24 Jun 2014 19:56:19 GMT',
524 silly registry.get     server: 'Apache',
524 silly registry.get     via: '1.1 varnish',
524 silly registry.get     'last-modified': 'Tue, 24 Jun 2014 19:55:57 GMT',
524 silly registry.get     'cache-control': 'max-age=30',
524 silly registry.get     etag: '"BA5T6RGWU2CVIS5XHWZEBR2W7"',
524 silly registry.get     'x-served-by': 'cache-sv63-SJC3',
524 silly registry.get     'x-cache': 'HIT',
524 silly registry.get     'x-cache-hits': '4',
524 silly registry.get     'x-timer': 'S1403639779.704282,VS0,VE0',
524 silly registry.get     vary: 'Accept',
524 silly registry.get     'content-length': '0',
524 silly registry.get     'keep-alive': 'timeout=10, max=50',
524 silly registry.get     connection: 'Keep-Alive' } ]
525 verbose etag nopt from cache
526 http 304 https://registry.npmjs.org/graceful-fs
527 silly registry.get cb [ 304,
527 silly registry.get   { date: 'Tue, 24 Jun 2014 19:56:19 GMT',
527 silly registry.get     server: 'Apache',
527 silly registry.get     via: '1.1 varnish',
527 silly registry.get     'last-modified': 'Tue, 24 Jun 2014 19:56:17 GMT',
527 silly registry.get     'cache-control': 'max-age=30',
527 silly registry.get     etag: '"7881TQ05KQ3DAZ7CNQZNRDGYP"',
527 silly registry.get     'x-served-by': 'cache-sv63-SJC3',
527 silly registry.get     'x-cache': 'HIT',
527 silly registry.get     'x-cache-hits': '2',
527 silly registry.get     'x-timer': 'S1403639779.708632,VS0,VE0',
527 silly registry.get     vary: 'Accept',
527 silly registry.get     'content-length': '0',
527 silly registry.get     'keep-alive': 'timeout=10, max=50',
527 silly registry.get     connection: 'Keep-Alive' } ]
528 verbose etag graceful-fs from cache
529 silly addNameRange number 2 { name: 'glob', range: '>=3.0.0-0 <4.0.0-0', hasData: true }
530 silly addNameRange versions [ 'glob',
530 silly addNameRange   [ '1.1.0',
530 silly addNameRange     '2.0.9',
530 silly addNameRange     '2.0.8',
530 silly addNameRange     '2.0.7',
530 silly addNameRange     '2.1.0',
530 silly addNameRange     '3.0.0',
530 silly addNameRange     '3.0.1',
530 silly addNameRange     '3.1.0',
530 silly addNameRange     '3.1.1',
530 silly addNameRange     '3.1.2',
530 silly addNameRange     '3.1.3',
530 silly addNameRange     '3.1.4',
530 silly addNameRange     '3.1.5',
530 silly addNameRange     '3.1.6',
530 silly addNameRange     '3.1.7',
530 silly addNameRange     '3.1.9',
530 silly addNameRange     '3.1.10',
530 silly addNameRange     '3.1.11',
530 silly addNameRange     '3.1.12',
530 silly addNameRange     '3.1.13',
530 silly addNameRange     '3.1.14',
530 silly addNameRange     '3.1.15',
530 silly addNameRange     '3.1.16',
530 silly addNameRange     '3.1.17',
530 silly addNameRange     '3.1.18',
530 silly addNameRange     '3.1.19',
530 silly addNameRange     '3.1.20',
530 silly addNameRange     '3.1.21',
530 silly addNameRange     '3.2.0',
530 silly addNameRange     '3.2.1',
530 silly addNameRange     '3.2.3',
530 silly addNameRange     '3.2.4',
530 silly addNameRange     '3.2.5',
530 silly addNameRange     '3.2.6',
530 silly addNameRange     '3.2.7',
530 silly addNameRange     '3.2.8',
530 silly addNameRange     '3.2.9',
530 silly addNameRange     '3.2.10',
530 silly addNameRange     '3.2.11',
530 silly addNameRange     '4.0.0',
530 silly addNameRange     '4.0.1',
530 silly addNameRange     '4.0.2' ] ]
531 verbose addNamed [ 'glob', '3.2.11' ]
532 verbose addNamed [ '3.2.11', '3.2.11' ]
533 silly lockFile 3fffafa6-glob-3-2-11 glob@3.2.11
534 verbose lock glob@3.2.11 /Users/wmease/.npm/3fffafa6-glob-3-2-11.lock
535 silly addNameRange number 2 { name: 'minimatch', range: '>=0.0.0-0 <1.0.0-0', hasData: true }
536 silly addNameRange versions [ 'minimatch',
536 silly addNameRange   [ '0.0.1',
536 silly addNameRange     '0.0.2',
536 silly addNameRange     '0.0.4',
536 silly addNameRange     '0.0.5',
536 silly addNameRange     '0.1.1',
536 silly addNameRange     '0.1.2',
536 silly addNameRange     '0.1.3',
536 silly addNameRange     '0.1.4',
536 silly addNameRange     '0.1.5',
536 silly addNameRange     '0.2.0',
536 silly addNameRange     '0.2.2',
536 silly addNameRange     '0.2.3',
536 silly addNameRange     '0.2.4',
536 silly addNameRange     '0.2.5',
536 silly addNameRange     '0.2.6',
536 silly addNameRange     '0.2.7',
536 silly addNameRange     '0.2.8',
536 silly addNameRange     '0.2.9',
536 silly addNameRange     '0.2.10',
536 silly addNameRange     '0.2.11',
536 silly addNameRange     '0.2.12',
536 silly addNameRange     '0.2.13',
536 silly addNameRange     '0.2.14',
536 silly addNameRange     '0.3.0' ] ]
537 verbose addNamed [ 'minimatch', '0.3.0' ]
538 verbose addNamed [ '0.3.0', '0.3.0' ]
539 silly lockFile fbcfe8c1-minimatch-0-3-0 minimatch@0.3.0
540 verbose lock minimatch@0.3.0 /Users/wmease/.npm/fbcfe8c1-minimatch-0-3-0.lock
541 http 304 https://registry.npmjs.org/npmlog
542 silly registry.get cb [ 304,
542 silly registry.get   { date: 'Tue, 24 Jun 2014 19:56:19 GMT',
542 silly registry.get     server: 'Apache',
542 silly registry.get     via: '1.1 varnish',
542 silly registry.get     'last-modified': 'Tue, 24 Jun 2014 19:56:19 GMT',
542 silly registry.get     'cache-control': 'max-age=30',
542 silly registry.get     etag: '"GUY7Z6CJA27QZVHDB2QUBW9G"',
542 silly registry.get     'x-served-by': 'cache-sv62-SJC3',
542 silly registry.get     'x-cache': 'HIT',
542 silly registry.get     'x-cache-hits': '1',
542 silly registry.get     'x-timer': 'S1403639779.716418,VS0,VE0',
542 silly registry.get     vary: 'Accept',
542 silly registry.get     'content-length': '0',
542 silly registry.get     'keep-alive': 'timeout=10, max=49',
542 silly registry.get     connection: 'Keep-Alive' } ]
543 verbose etag npmlog from cache
544 http 304 https://registry.npmjs.org/osenv
545 silly registry.get cb [ 304,
545 silly registry.get   { date: 'Tue, 24 Jun 2014 19:56:19 GMT',
545 silly registry.get     server: 'Apache',
545 silly registry.get     via: '1.1 varnish',
545 silly registry.get     'last-modified': 'Tue, 24 Jun 2014 19:56:19 GMT',
545 silly registry.get     'cache-control': 'max-age=30',
545 silly registry.get     etag: '"CHNEP04M2C3TA964JJ6PU7ILN"',
545 silly registry.get     'x-served-by': 'cache-sv60-SJC3',
545 silly registry.get     'x-cache': 'HIT',
545 silly registry.get     'x-cache-hits': '1',
545 silly registry.get     'x-timer': 'S1403639779.716074,VS0,VE0',
545 silly registry.get     vary: 'Accept',
545 silly registry.get     'content-length': '0',
545 silly registry.get     'keep-alive': 'timeout=10, max=49',
545 silly registry.get     connection: 'Keep-Alive' } ]
546 verbose etag osenv from cache
547 http 304 https://registry.npmjs.org/request
548 silly registry.get cb [ 304,
548 silly registry.get   { date: 'Tue, 24 Jun 2014 19:56:19 GMT',
548 silly registry.get     server: 'Apache',
548 silly registry.get     via: '1.1 varnish',
548 silly registry.get     'last-modified': 'Tue, 24 Jun 2014 19:56:06 GMT',
548 silly registry.get     'cache-control': 'max-age=30',
548 silly registry.get     etag: '"2S767GJXIVR3JK1HS22MGA937"',
548 silly registry.get     'x-served-by': 'cache-sv63-SJC3',
548 silly registry.get     'x-cache': 'HIT',
548 silly registry.get     'x-cache-hits': '2',
548 silly registry.get     'x-timer': 'S1403639779.719811,VS0,VE0',
548 silly registry.get     vary: 'Accept',
548 silly registry.get     'content-length': '0',
548 silly registry.get     'keep-alive': 'timeout=10, max=49',
548 silly registry.get     connection: 'Keep-Alive' } ]
549 verbose etag request from cache
550 http 304 https://registry.npmjs.org/rimraf
551 silly registry.get cb [ 304,
551 silly registry.get   { date: 'Tue, 24 Jun 2014 19:56:19 GMT',
551 silly registry.get     server: 'Apache',
551 silly registry.get     via: '1.1 varnish',
551 silly registry.get     'last-modified': 'Tue, 24 Jun 2014 19:56:06 GMT',
551 silly registry.get     'cache-control': 'max-age=30',
551 silly registry.get     etag: '"ABOUENDSXKGH3EXB3RNP95LWY"',
551 silly registry.get     'x-served-by': 'cache-sv63-SJC3',
551 silly registry.get     'x-cache': 'HIT',
551 silly registry.get     'x-cache-hits': '4',
551 silly registry.get     'x-timer': 'S1403639779.720795,VS0,VE0',
551 silly registry.get     vary: 'Accept',
551 silly registry.get     'content-length': '0',
551 silly registry.get     'keep-alive': 'timeout=10, max=49',
551 silly registry.get     connection: 'Keep-Alive' } ]
552 verbose etag rimraf from cache
553 silly addNameRange number 2 { name: 'fstream', range: '>=0.0.0-0 <1.0.0-0', hasData: true }
554 silly addNameRange versions [ 'fstream',
554 silly addNameRange   [ '0.0.0',
554 silly addNameRange     '0.0.1',
554 silly addNameRange     '0.1.0',
554 silly addNameRange     '0.1.1',
554 silly addNameRange     '0.1.2',
554 silly addNameRange     '0.1.3',
554 silly addNameRange     '0.1.5',
554 silly addNameRange     '0.1.6',
554 silly addNameRange     '0.1.7',
554 silly addNameRange     '0.1.8',
554 silly addNameRange     '0.1.9',
554 silly addNameRange     '0.1.10',
554 silly addNameRange     '0.1.11',
554 silly addNameRange     '0.1.12',
554 silly addNameRange     '0.1.13',
554 silly addNameRange     '0.1.14',
554 silly addNameRange     '0.1.15',
554 silly addNameRange     '0.1.16',
554 silly addNameRange     '0.1.17',
554 silly addNameRange     '0.1.18',
554 silly addNameRange     '0.1.19',
554 silly addNameRange     '0.1.20',
554 silly addNameRange     '0.1.21',
554 silly addNameRange     '0.1.22',
554 silly addNameRange     '0.1.23',
554 silly addNameRange     '0.1.24',
554 silly addNameRange     '0.1.25',
554 silly addNameRange     '0.1.26',
554 silly addNameRange     '0.1.27',
554 silly addNameRange     '0.1.28' ] ]
555 verbose addNamed [ 'fstream', '0.1.28' ]
556 verbose addNamed [ '0.1.28', '0.1.28' ]
557 silly lockFile 1dce478d-fstream-0-1-28 fstream@0.1.28
558 verbose lock fstream@0.1.28 /Users/wmease/.npm/1dce478d-fstream-0-1-28.lock
559 http 304 https://registry.npmjs.org/semver
560 silly registry.get cb [ 304,
560 silly registry.get   { date: 'Tue, 24 Jun 2014 19:56:19 GMT',
560 silly registry.get     server: 'Apache',
560 silly registry.get     via: '1.1 varnish',
560 silly registry.get     'last-modified': 'Tue, 24 Jun 2014 19:55:58 GMT',
560 silly registry.get     'cache-control': 'max-age=30',
560 silly registry.get     etag: '"DFMKPCAJ0810765W1UISE8S3Z"',
560 silly registry.get     'x-served-by': 'cache-sv63-SJC3',
560 silly registry.get     'x-cache': 'HIT',
560 silly registry.get     'x-cache-hits': '2',
560 silly registry.get     'x-timer': 'S1403639779.727681,VS0,VE0',
560 silly registry.get     vary: 'Accept',
560 silly registry.get     'content-length': '0',
560 silly registry.get     'keep-alive': 'timeout=10, max=49',
560 silly registry.get     connection: 'Keep-Alive' } ]
561 verbose etag semver from cache
562 silly addNameRange number 2 { name: 'nopt', range: '>=2.0.0-0 <3.0.0-0', hasData: true }
563 silly addNameRange versions [ 'nopt',
563 silly addNameRange   [ '1.0.0',
563 silly addNameRange     '1.0.1',
563 silly addNameRange     '1.0.2',
563 silly addNameRange     '1.0.3',
563 silly addNameRange     '1.0.4',
563 silly addNameRange     '1.0.5',
563 silly addNameRange     '1.0.6',
563 silly addNameRange     '1.0.7',
563 silly addNameRange     '1.0.8',
563 silly addNameRange     '1.0.9',
563 silly addNameRange     '1.0.10',
563 silly addNameRange     '2.0.0',
563 silly addNameRange     '2.1.0',
563 silly addNameRange     '2.1.1',
563 silly addNameRange     '2.1.2',
563 silly addNameRange     '2.2.0',
563 silly addNameRange     '2.2.1',
563 silly addNameRange     '3.0.0' ] ]
564 verbose addNamed [ 'nopt', '2.2.1' ]
565 verbose addNamed [ '2.2.1', '2.2.1' ]
566 silly lockFile d02d193f-nopt-2-2-1 nopt@2.2.1
567 verbose lock nopt@2.2.1 /Users/wmease/.npm/d02d193f-nopt-2-2-1.lock
568 http 304 https://registry.npmjs.org/which
569 silly registry.get cb [ 304,
569 silly registry.get   { date: 'Tue, 24 Jun 2014 19:56:19 GMT',
569 silly registry.get     server: 'Apache',
569 silly registry.get     via: '1.1 varnish',
569 silly registry.get     'last-modified': 'Tue, 24 Jun 2014 19:52:07 GMT',
569 silly registry.get     'cache-control': 'max-age=30',
569 silly registry.get     etag: '"E4JEKC1OOIDK0CUCTQBI1CZ35"',
569 silly registry.get     'x-served-by': 'cache-sv62-SJC3',
569 silly registry.get     'x-cache': 'HIT',
569 silly registry.get     'x-cache-hits': '27',
569 silly registry.get     'x-timer': 'S1403639779.739604,VS0,VE0',
569 silly registry.get     vary: 'Accept',
569 silly registry.get     'content-length': '0',
569 silly registry.get     'keep-alive': 'timeout=10, max=48',
569 silly registry.get     connection: 'Keep-Alive' } ]
570 verbose etag which from cache
571 silly addNameRange number 2 { name: 'graceful-fs',
571 silly addNameRange   range: '>=2.0.0-0 <3.0.0-0',
571 silly addNameRange   hasData: true }
572 silly addNameRange versions [ 'graceful-fs',
572 silly addNameRange   [ '1.0.0',
572 silly addNameRange     '1.0.1',
572 silly addNameRange     '1.0.2',
572 silly addNameRange     '1.1.0',
572 silly addNameRange     '1.1.1',
572 silly addNameRange     '1.1.2',
572 silly addNameRange     '1.1.3',
572 silly addNameRange     '1.1.4',
572 silly addNameRange     '1.1.5',
572 silly addNameRange     '1.1.6',
572 silly addNameRange     '1.1.7',
572 silly addNameRange     '1.1.8',
572 silly addNameRange     '1.1.9',
572 silly addNameRange     '1.1.10',
572 silly addNameRange     '1.1.11',
572 silly addNameRange     '1.1.12',
572 silly addNameRange     '1.1.13',
572 silly addNameRange     '1.1.14',
572 silly addNameRange     '1.2.0',
572 silly addNameRange     '1.2.1',
572 silly addNameRange     '1.2.2',
572 silly addNameRange     '1.2.3',
572 silly addNameRange     '2.0.0',
572 silly addNameRange     '2.0.1',
572 silly addNameRange     '2.0.2',
572 silly addNameRange     '2.0.3',
572 silly addNameRange     '3.0.0',
572 silly addNameRange     '3.0.1',
572 silly addNameRange     '3.0.2' ] ]
573 verbose addNamed [ 'graceful-fs', '2.0.3' ]
574 verbose addNamed [ '2.0.3', '2.0.3' ]
575 silly lockFile aa717173-graceful-fs-2-0-3 graceful-fs@2.0.3
576 verbose lock graceful-fs@2.0.3 /Users/wmease/.npm/aa717173-graceful-fs-2-0-3.lock
577 http 304 https://registry.npmjs.org/tar
578 silly registry.get cb [ 304,
578 silly registry.get   { date: 'Tue, 24 Jun 2014 19:56:19 GMT',
578 silly registry.get     server: 'Apache',
578 silly registry.get     via: '1.1 varnish',
578 silly registry.get     'last-modified': 'Tue, 24 Jun 2014 19:56:19 GMT',
578 silly registry.get     'cache-control': 'max-age=30',
578 silly registry.get     etag: '"BDF74SXF2S741NDFKFUG0P0VD"',
578 silly registry.get     'x-served-by': 'cache-sv60-SJC3',
578 silly registry.get     'x-cache': 'HIT',
578 silly registry.get     'x-cache-hits': '1',
578 silly registry.get     'x-timer': 'S1403639779.739138,VS0,VE0',
578 silly registry.get     vary: 'Accept',
578 silly registry.get     'content-length': '0',
578 silly registry.get     'keep-alive': 'timeout=10, max=48',
578 silly registry.get     connection: 'Keep-Alive' } ]
579 verbose etag tar from cache
580 silly lockFile 3fffafa6-glob-3-2-11 glob@3.2.11
581 silly lockFile 3fffafa6-glob-3-2-11 glob@3.2.11
582 silly addNameRange number 2 { name: 'npmlog', range: '>=0.0.0-0 <1.0.0-0', hasData: true }
583 silly addNameRange versions [ 'npmlog',
583 silly addNameRange   [ '0.0.1',
583 silly addNameRange     '0.0.2',
583 silly addNameRange     '0.0.3',
583 silly addNameRange     '0.0.4',
583 silly addNameRange     '0.0.5',
583 silly addNameRange     '0.0.6',
583 silly addNameRange     '0.1.0',
583 silly addNameRange     '0.1.1' ] ]
584 verbose addNamed [ 'npmlog', '0.1.1' ]
585 verbose addNamed [ '0.1.1', '0.1.1' ]
586 silly lockFile 77a2a250-npmlog-0-1-1 npmlog@0.1.1
587 verbose lock npmlog@0.1.1 /Users/wmease/.npm/77a2a250-npmlog-0-1-1.lock
588 silly addNameRange number 2 { name: 'osenv', range: '>=0.0.0-0 <1.0.0-0', hasData: true }
589 silly addNameRange versions [ 'osenv', [ '0.0.1', '0.0.2', '0.0.3', '0.1.0' ] ]
590 verbose addNamed [ 'osenv', '0.1.0' ]
591 verbose addNamed [ '0.1.0', '0.1.0' ]
592 silly lockFile 8f25476a-osenv-0-1-0 osenv@0.1.0
593 verbose lock osenv@0.1.0 /Users/wmease/.npm/8f25476a-osenv-0-1-0.lock
594 silly addNameRange number 2 { name: 'rimraf', range: '>=2.0.0-0 <3.0.0-0', hasData: true }
595 silly addNameRange versions [ 'rimraf',
595 silly addNameRange   [ '1.0.0',
595 silly addNameRange     '1.0.1',
595 silly addNameRange     '1.0.2',
595 silly addNameRange     '1.0.4',
595 silly addNameRange     '1.0.5',
595 silly addNameRange     '1.0.6',
595 silly addNameRange     '1.0.7',
595 silly addNameRange     '1.0.8',
595 silly addNameRange     '1.0.9',
595 silly addNameRange     '2.0.0',
595 silly addNameRange     '2.0.1',
595 silly addNameRange     '2.0.2',
595 silly addNameRange     '2.0.3',
595 silly addNameRange     '2.1.0',
595 silly addNameRange     '2.1.1',
595 silly addNameRange     '2.1.2',
595 silly addNameRange     '2.1.3',
595 silly addNameRange     '2.1.4',
595 silly addNameRange     '2.2.0',
595 silly addNameRange     '2.2.1',
595 silly addNameRange     '2.2.2',
595 silly addNameRange     '2.2.3',
595 silly addNameRange     '2.2.4',
595 silly addNameRange     '2.2.5',
595 silly addNameRange     '2.2.6',
595 silly addNameRange     '2.2.8' ] ]
596 verbose addNamed [ 'rimraf', '2.2.8' ]
597 verbose addNamed [ '2.2.8', '2.2.8' ]
598 silly lockFile b87241a4-rimraf-2-2-8 rimraf@2.2.8
599 verbose lock rimraf@2.2.8 /Users/wmease/.npm/b87241a4-rimraf-2-2-8.lock
600 silly addNameRange number 2 { name: 'request', range: '>=2.0.0-0 <3.0.0-0', hasData: true }
601 silly addNameRange versions [ 'request',
601 silly addNameRange   [ '0.10.0',
601 silly addNameRange     '0.8.3',
601 silly addNameRange     '0.9.0',
601 silly addNameRange     '0.9.1',
601 silly addNameRange     '0.9.5',
601 silly addNameRange     '1.0.0',
601 silly addNameRange     '1.1.0',
601 silly addNameRange     '1.1.1',
601 silly addNameRange     '1.2.0',
601 silly addNameRange     '1.9.0',
601 silly addNameRange     '1.9.1',
601 silly addNameRange     '1.9.2',
601 silly addNameRange     '1.9.3',
601 silly addNameRange     '1.9.5',
601 silly addNameRange     '1.9.7',
601 silly addNameRange     '1.9.8',
601 silly addNameRange     '1.9.9',
601 silly addNameRange     '2.0.0',
601 silly addNameRange     '2.0.1',
601 silly addNameRange     '2.0.2',
601 silly addNameRange     '2.0.3',
601 silly addNameRange     '2.0.4',
601 silly addNameRange     '2.0.5',
601 silly addNameRange     '2.1.0',
601 silly addNameRange     '2.1.1',
601 silly addNameRange     '2.2.0',
601 silly addNameRange     '2.2.5',
601 silly addNameRange     '2.2.6',
601 silly addNameRange     '2.2.9',
601 silly addNameRange     '2.9.0',
601 silly addNameRange     '2.9.1',
601 silly addNameRange     '2.9.2',
601 silly addNameRange     '2.9.3',
601 silly addNameRange     '2.9.100',
601 silly addNameRange     '2.9.150',
601 silly addNameRange     '2.9.151',
601 silly addNameRange     '2.9.152',
601 silly addNameRange     '2.9.153',
601 silly addNameRange     '2.9.200',
601 silly addNameRange     '2.9.201',
601 silly addNameRange     '2.9.202',
601 silly addNameRange     '2.9.203',
601 silly addNameRange     '2.10.0',
601 silly addNameRange     '2.11.0',
601 silly addNameRange     '2.11.1',
601 silly addNameRange     '2.11.2',
601 silly addNameRange     '2.11.3',
601 silly addNameRange     '2.11.4',
601 silly addNameRange     '2.12.0',
601 silly addNameRange     '2.14.0',
601 silly addNameRange     '2.16.0',
601 silly addNameRange     '2.16.2',
601 silly addNameRange     '2.16.4',
601 silly addNameRange     '2.16.6',
601 silly addNameRange     '2.18.0',
601 silly addNameRange     '2.19.0',
601 silly addNameRange     '2.20.0',
601 silly addNameRange     '2.21.0',
601 silly addNameRange     '2.22.0',
601 silly addNameRange     '2.23.0',
601 silly addNameRange     '2.24.0',
601 silly addNameRange     '2.25.0',
601 silly addNameRange     '2.26.0',
601 silly addNameRange     '2.27.0',
601 silly addNameRange     '2.28.0',
601 silly addNameRange     '2.29.0',
601 silly addNameRange     '2.30.0',
601 silly addNameRange     '2.31.0',
601 silly addNameRange     '2.32.0',
601 silly addNameRange     '2.33.0',
601 silly addNameRange     '2.34.0',
601 silly addNameRange     '2.35.0',
601 silly addNameRange     '2.36.0' ] ]
602 verbose addNamed [ 'request', '2.36.0' ]
603 verbose addNamed [ '2.36.0', '2.36.0' ]
604 silly lockFile 56e6d156-request-2-36-0 request@2.36.0
605 verbose lock request@2.36.0 /Users/wmease/.npm/56e6d156-request-2-36-0.lock
606 silly lockFile c5beba6f-glob-3 glob@3
607 silly lockFile c5beba6f-glob-3 glob@3
608 silly lockFile fbcfe8c1-minimatch-0-3-0 minimatch@0.3.0
609 silly lockFile fbcfe8c1-minimatch-0-3-0 minimatch@0.3.0
610 silly lockFile e1cc6a1d-minimatch-0 minimatch@0
611 silly lockFile e1cc6a1d-minimatch-0 minimatch@0
612 silly addNameRange number 2 { name: 'semver', range: '>=2.2.1-0 <2.3.0-0', hasData: true }
613 silly addNameRange versions [ 'semver',
613 silly addNameRange   [ '1.0.0',
613 silly addNameRange     '1.0.1',
613 silly addNameRange     '1.0.2',
613 silly addNameRange     '1.0.3',
613 silly addNameRange     '1.0.4',
613 silly addNameRange     '1.0.5',
613 silly addNameRange     '1.0.6',
613 silly addNameRange     '1.0.7',
613 silly addNameRange     '1.0.8',
613 silly addNameRange     '1.0.9',
613 silly addNameRange     '1.0.10',
613 silly addNameRange     '1.0.11',
613 silly addNameRange     '1.0.12',
613 silly addNameRange     '1.0.13',
613 silly addNameRange     '1.0.14',
613 silly addNameRange     '1.1.0',
613 silly addNameRange     '1.1.1',
613 silly addNameRange     '1.1.2',
613 silly addNameRange     '1.1.3',
613 silly addNameRange     '1.1.4',
613 silly addNameRange     '2.0.0-alpha',
613 silly addNameRange     '2.0.0-beta',
613 silly addNameRange     '2.0.1',
613 silly addNameRange     '2.0.2',
613 silly addNameRange     '2.0.3',
613 silly addNameRange     '2.0.4',
613 silly addNameRange     '2.0.5',
613 silly addNameRange     '2.0.6',
613 silly addNameRange     '2.0.7',
613 silly addNameRange     '2.0.8',
613 silly addNameRange     '2.0.9',
613 silly addNameRange     '2.0.10',
613 silly addNameRange     '2.0.11',
613 silly addNameRange     '2.1.0',
613 silly addNameRange     '2.2.0',
613 silly addNameRange     '2.2.1',
613 silly addNameRange     '2.3.0',
613 silly addNameRange     '2.3.1' ] ]
614 verbose addNamed [ 'semver', '2.2.1' ]
615 verbose addNamed [ '2.2.1', '2.2.1' ]
616 silly lockFile 609d7676-semver-2-2-1 semver@2.2.1
617 verbose lock semver@2.2.1 /Users/wmease/.npm/609d7676-semver-2-2-1.lock
618 silly lockFile 1dce478d-fstream-0-1-28 fstream@0.1.28
619 silly lockFile 1dce478d-fstream-0-1-28 fstream@0.1.28
620 silly lockFile d02d193f-nopt-2-2-1 nopt@2.2.1
621 silly lockFile d02d193f-nopt-2-2-1 nopt@2.2.1
622 silly lockFile a54d1ff5-fstream-0 fstream@0
623 silly lockFile a54d1ff5-fstream-0 fstream@0
624 silly lockFile 64594a3f-nopt-2 nopt@2
625 silly lockFile 64594a3f-nopt-2 nopt@2
626 silly addNameRange number 2 { name: 'which', range: '>=1.0.0-0 <2.0.0-0', hasData: true }
627 silly addNameRange versions [ 'which', [ '1.0.0', '1.0.1', '1.0.2', '1.0.3', '1.0.5' ] ]
628 verbose addNamed [ 'which', '1.0.5' ]
629 verbose addNamed [ '1.0.5', '1.0.5' ]
630 silly lockFile 4aed4494-which-1-0-5 which@1.0.5
631 verbose lock which@1.0.5 /Users/wmease/.npm/4aed4494-which-1-0-5.lock
632 silly addNameRange number 2 { name: 'tar', range: '>=0.0.0-0 <1.0.0-0', hasData: true }
633 silly addNameRange versions [ 'tar',
633 silly addNameRange   [ '0.0.1',
633 silly addNameRange     '0.1.0',
633 silly addNameRange     '0.1.2',
633 silly addNameRange     '0.1.3',
633 silly addNameRange     '0.1.4',
633 silly addNameRange     '0.1.5',
633 silly addNameRange     '0.1.6',
633 silly addNameRange     '0.1.7',
633 silly addNameRange     '0.1.8',
633 silly addNameRange     '0.1.9',
633 silly addNameRange     '0.1.10',
633 silly addNameRange     '0.1.11',
633 silly addNameRange     '0.1.12',
633 silly addNameRange     '0.1.13',
633 silly addNameRange     '0.1.14',
633 silly addNameRange     '0.1.15',
633 silly addNameRange     '0.1.16',
633 silly addNameRange     '0.1.17',
633 silly addNameRange     '0.1.18',
633 silly addNameRange     '0.1.19' ] ]
634 verbose addNamed [ 'tar', '0.1.19' ]
635 verbose addNamed [ '0.1.19', '0.1.19' ]
636 silly lockFile 9cd6579d-tar-0-1-19 tar@0.1.19
637 verbose lock tar@0.1.19 /Users/wmease/.npm/9cd6579d-tar-0-1-19.lock
638 silly lockFile aa717173-graceful-fs-2-0-3 graceful-fs@2.0.3
639 silly lockFile aa717173-graceful-fs-2-0-3 graceful-fs@2.0.3
640 silly lockFile b74d0798-graceful-fs-2 graceful-fs@2
641 silly lockFile b74d0798-graceful-fs-2 graceful-fs@2
642 silly lockFile b87241a4-rimraf-2-2-8 rimraf@2.2.8
643 silly lockFile b87241a4-rimraf-2-2-8 rimraf@2.2.8
644 silly lockFile 77a2a250-npmlog-0-1-1 npmlog@0.1.1
645 silly lockFile 77a2a250-npmlog-0-1-1 npmlog@0.1.1
646 silly lockFile 8f25476a-osenv-0-1-0 osenv@0.1.0
647 silly lockFile 8f25476a-osenv-0-1-0 osenv@0.1.0
648 silly lockFile 8c081391-rimraf-2 rimraf@2
649 silly lockFile 8c081391-rimraf-2 rimraf@2
650 silly lockFile 56e6d156-request-2-36-0 request@2.36.0
651 silly lockFile 56e6d156-request-2-36-0 request@2.36.0
652 silly lockFile 2f67ef0a-npmlog-0 npmlog@0
653 silly lockFile 2f67ef0a-npmlog-0 npmlog@0
654 silly lockFile cd27a342-osenv-0 osenv@0
655 silly lockFile cd27a342-osenv-0 osenv@0
656 verbose about to build /usr/local/lib/node_modules/node-gyp
657 info /usr/local/lib/node_modules/node-gyp unbuild
658 info preuninstall node-gyp@0.13.1
659 silly lockFile 8f88254e-request-2 request@2
660 silly lockFile 8f88254e-request-2 request@2
661 silly lockFile 609d7676-semver-2-2-1 semver@2.2.1
662 silly lockFile 609d7676-semver-2-2-1 semver@2.2.1
663 silly lockFile 1708eccd-semver-2-2-1 semver@~2.2.1
664 silly lockFile 1708eccd-semver-2-2-1 semver@~2.2.1
665 info uninstall node-gyp@0.13.1
666 silly lockFile 4aed4494-which-1-0-5 which@1.0.5
667 silly lockFile 4aed4494-which-1-0-5 which@1.0.5
668 verbose true,/usr/local/lib/node_modules,/usr/local/lib/node_modules unbuild node-gyp@0.13.1
669 verbose /usr/local/bin,[object Object] binRoot
670 silly lockFile 5f85f779-which-1 which@1
671 silly lockFile 5f85f779-which-1 which@1
672 silly lockFile 9cd6579d-tar-0-1-19 tar@0.1.19
673 silly lockFile 9cd6579d-tar-0-1-19 tar@0.1.19
674 silly lockFile 16ab3aa0-tar-0 tar@0
675 silly lockFile 16ab3aa0-tar-0 tar@0
676 info postuninstall node-gyp@0.13.1
677 error Failed to parse json
677 error Unexpected token g
678 error File: /Users/wmease/.npm/rimraf/2.2.8/package/package.json
679 error Failed to parse package.json data.
679 error package.json must be actual JSON, not just JavaScript.
679 error
679 error This is not a bug in npm.
679 error Tell the package author to fix their package.json file. JSON.parse
680 error System Darwin 13.1.0
681 error command "node" "/usr/local/bin/npm" "install" "-g" "coffee-script" "node-gyp"
682 error cwd /Users/wmease/Desktop/JellyVibes/MIDI/collab/MIDI
683 error node -v v0.10.28
684 error npm -v 1.4.9
685 error file /Users/wmease/.npm/rimraf/2.2.8/package/package.json
686 error code EJSONPARSE
687 verbose exit [ 1, true ]
